2024-08-10 07:08:26,585{GMT}	INFO	[jepsen test runner] jepsen.core: Running test:
 {:ssh-private-key "/root/.ssh/id_rsa",
 :nodes-file "./nodes",
 :concurrency 5,
 :slots 1,
 :db
 #object[jepsen.atomic$db$reify__412 0x3ba348ca "jepsen.atomic$db$reify__412@3ba348ca"],
 :name "atomic.partition-majority",
 :ops-per-key 100,
 :start-time
 #object[org.joda.time.DateTime 0x1d901f20 "2024-08-10T07:08:26.000Z"],
 :net
 #object[jepsen.net$reify__3910 0x784223e9 "jepsen.net$reify__3910@784223e9"],
 :client {:k "a", :conn nil},
 :quorum false,
 :barrier
 #object[java.util.concurrent.CyclicBarrier 0x42383cb0 "java.util.concurrent.CyclicBarrier@42383cb0"],
 :ssh
 {:username "root",
  :password "123456",
  :strict-host-key-checking false,
  :private-key-path "/root/.ssh/id_rsa"},
 :rate 10,
 :checker
 #object[jepsen.checker$compose$reify__3577 0x2e32fc22 "jepsen.checker$compose$reify__3577@2e32fc22"],
 :nemesis
 #object[jepsen.nemesis$partitioner$reify__4013 0x19b206ee "jepsen.nemesis$partitioner$reify__4013@19b206ee"],
 :active-histories #<Atom@6ebc9573: #{}>,
 :nodes ["n1" "n2" "n3" "n4" "n5"],
 :test-count 1,
 :generator
 #object[jepsen.generator$concat$reify__2328 0x1823b9c4 "jepsen.generator$concat$reify__2328@1823b9c4"],
 :os
 #object[jepsen.os$reify__1415 0x7b3cde6f "jepsen.os$reify__1415@7b3cde6f"],
 :time-limit 60,
 :testfn "partition-majority-test",
 :model {:value 0}}

2024-08-10 07:08:27,597{GMT}	INFO	[jepsen node n2] jepsen.atomic: Stop n2
2024-08-10 07:08:27,597{GMT}	INFO	[jepsen node n1] jepsen.atomic: Stop n1
2024-08-10 07:08:27,597{GMT}	INFO	[jepsen node n5] jepsen.atomic: Stop n5
2024-08-10 07:08:27,597{GMT}	INFO	[jepsen node n3] jepsen.atomic: Stop n3
2024-08-10 07:08:27,597{GMT}	INFO	[jepsen node n4] jepsen.atomic: Stop n4
2024-08-10 07:08:33,008{GMT}	INFO	[jepsen node n2] jepsen.atomic: 
2024-08-10 07:08:33,008{GMT}	INFO	[jepsen node n5] jepsen.atomic: 
2024-08-10 07:08:33,009{GMT}	INFO	[jepsen node n1] jepsen.atomic: 
2024-08-10 07:08:33,010{GMT}	INFO	[jepsen node n4] jepsen.atomic: 
2024-08-10 07:08:33,054{GMT}	INFO	[jepsen node n3] jepsen.atomic: 
2024-08-10 07:08:33,110{GMT}	INFO	[jepsen node n5] jepsen.atomic: 
2024-08-10 07:08:33,111{GMT}	INFO	[jepsen node n2] jepsen.atomic: 
2024-08-10 07:08:33,111{GMT}	INFO	[jepsen node n4] jepsen.atomic: 
2024-08-10 07:08:33,112{GMT}	INFO	[jepsen node n1] jepsen.atomic: 
2024-08-10 07:08:33,155{GMT}	INFO	[jepsen node n3] jepsen.atomic: 
2024-08-10 07:08:33,212{GMT}	INFO	[jepsen node n5] jepsen.atomic: 
2024-08-10 07:08:33,212{GMT}	INFO	[jepsen node n5] jepsen.atomic: Start n5
2024-08-10 07:08:33,212{GMT}	INFO	[jepsen node n2] jepsen.atomic: 
2024-08-10 07:08:33,212{GMT}	INFO	[jepsen node n4] jepsen.atomic: 
2024-08-10 07:08:33,212{GMT}	INFO	[jepsen node n2] jepsen.atomic: Start n2
2024-08-10 07:08:33,212{GMT}	INFO	[jepsen node n4] jepsen.atomic: Start n4
2024-08-10 07:08:33,214{GMT}	INFO	[jepsen node n1] jepsen.atomic: 
2024-08-10 07:08:33,214{GMT}	INFO	[jepsen node n1] jepsen.atomic: Start n1
2024-08-10 07:08:33,256{GMT}	INFO	[jepsen node n3] jepsen.atomic: 
2024-08-10 07:08:33,256{GMT}	INFO	[jepsen node n3] jepsen.atomic: Start n3
2024-08-10 07:08:43,362{GMT}	INFO	[jepsen nemesis] jepsen.core: Starting nemesis
2024-08-10 07:08:43,362{GMT}	INFO	[jepsen worker 0] jepsen.core: Starting worker 0
2024-08-10 07:08:43,362{GMT}	INFO	[jepsen worker 1] jepsen.core: Starting worker 1
2024-08-10 07:08:43,362{GMT}	INFO	[jepsen worker 2] jepsen.core: Starting worker 2
2024-08-10 07:08:43,363{GMT}	INFO	[jepsen worker 3] jepsen.core: Starting worker 3
2024-08-10 07:08:43,363{GMT}	INFO	[jepsen worker 4] jepsen.core: Starting worker 4
2024-08-10 07:08:43,369{GMT}	INFO	[jepsen worker 0] com.alipay.sofa.jraft.util.JRaftServiceLoader: SPI service [com.alipay.sofa.jraft.util.timer.RaftTimerFactory - com.alipay.sofa.jraft.util.timer.DefaultRaftTimerFactory] loading.
2024-08-10 07:08:43,430{GMT}	INFO	[jepsen worker 4] com.alipay.sofa.jraft.util.JRaftServiceLoader: SPI service [com.alipay.sofa.jraft.rpc.RaftRpcFactory - com.alipay.sofa.jraft.rpc.impl.BoltRaftRpcFactory] loading.
2024-08-10 07:08:43,563{GMT}	INFO	[jepsen worker 4] com.alipay.sofa.common.log: Sofa-Middleware-Log SLF4J : Actual binding is of type [ com.alipay.remoting Logback ]
2024-08-10 07:08:43,568{GMT}	INFO	[jepsen nemesis] jepsen.core: Running nemesis
2024-08-10 07:08:44,047{GMT}	INFO	[jepsen worker 1] com.alipay.sofa.jraft.test.atomic.client.AtomicClient: All groups  is {0=atomic_0}
2024-08-10 07:08:44,047{GMT}	INFO	[jepsen worker 0] com.alipay.sofa.jraft.test.atomic.client.AtomicClient: All groups  is {0=atomic_0}
2024-08-10 07:08:44,047{GMT}	INFO	[jepsen worker 2] com.alipay.sofa.jraft.test.atomic.client.AtomicClient: All groups  is {0=atomic_0}
2024-08-10 07:08:44,047{GMT}	INFO	[jepsen worker 3] com.alipay.sofa.jraft.test.atomic.client.AtomicClient: All groups  is {0=atomic_0}
2024-08-10 07:08:44,047{GMT}	INFO	[jepsen worker 4] com.alipay.sofa.jraft.test.atomic.client.AtomicClient: All groups  is {0=atomic_0}
2024-08-10 07:08:44,267{GMT}	INFO	[jepsen worker 2] com.alipay.sofa.jraft.test.atomic.client.AtomicClient: refreshLeader result: false, Status[UNKNOWN<-1>: Unknown leader, Unknown leader, Unknown leader, Unknown leader, Unknown leader]
2024-08-10 07:08:44,267{GMT}	INFO	[jepsen worker 4] com.alipay.sofa.jraft.test.atomic.client.AtomicClient: refreshLeader result: false, Status[UNKNOWN<-1>: Unknown leader, Unknown leader, Unknown leader, Unknown leader, Unknown leader]
2024-08-10 07:08:44,267{GMT}	INFO	[jepsen worker 0] com.alipay.sofa.jraft.test.atomic.client.AtomicClient: refreshLeader result: false, Status[UNKNOWN<-1>: Unknown leader, Unknown leader, Unknown leader, Unknown leader, Unknown leader]
2024-08-10 07:08:44,267{GMT}	INFO	[jepsen worker 1] com.alipay.sofa.jraft.test.atomic.client.AtomicClient: refreshLeader result: false, Status[UNKNOWN<-1>: Unknown leader, Unknown leader, Unknown leader, Unknown leader, Unknown leader]
2024-08-10 07:08:44,268{GMT}	INFO	[jepsen worker 3] com.alipay.sofa.jraft.test.atomic.client.AtomicClient: refreshLeader result: false, Status[UNKNOWN<-1>: Unknown leader, Unknown leader, Unknown leader, Unknown leader, Unknown leader]
2024-08-10 07:08:44,284{GMT}	INFO	[jepsen worker 2] jepsen.core: Running worker 2
2024-08-10 07:08:44,285{GMT}	INFO	[jepsen worker 1] jepsen.core: Running worker 1
2024-08-10 07:08:44,286{GMT}	INFO	[jepsen worker 0] jepsen.core: Running worker 0
2024-08-10 07:08:44,287{GMT}	INFO	[jepsen worker 4] jepsen.core: Running worker 4
2024-08-10 07:08:44,287{GMT}	INFO	[jepsen worker 3] jepsen.core: Running worker 3
2024-08-10 07:08:44,478{GMT}	INFO	[jepsen worker 2] jepsen.util: 2	:invoke	:write	3
2024-08-10 07:08:44,482{GMT}	INFO	[jepsen worker 4] jepsen.util: 4	:invoke	:read	nil
2024-08-10 07:08:44,494{GMT}	INFO	[jepsen worker 4] com.alipay.sofa.jraft.test.atomic.client.AtomicClient: refreshLeader result: false, Status[UNKNOWN<-1>: Unknown leader, Unknown leader, Unknown leader, Unknown leader, Unknown leader]
2024-08-10 07:08:44,494{GMT}	INFO	[jepsen worker 2] com.alipay.sofa.jraft.test.atomic.client.AtomicClient: refreshLeader result: false, Status[UNKNOWN<-1>: Unknown leader, Unknown leader, Unknown leader, Unknown leader, Unknown leader]
2024-08-10 07:08:44,494{GMT}	INFO	[jepsen worker 4] com.alipay.sofa.jraft.test.atomic.client.AtomicClient: group: atomic_0, leader: null
2024-08-10 07:08:44,494{GMT}	INFO	[jepsen worker 2] com.alipay.sofa.jraft.test.atomic.client.AtomicClient: group: atomic_0, leader: null
2024-08-10 07:08:44,495{GMT}	INFO	[jepsen worker 4] com.alipay.sofa.jraft.test.atomic.client.AtomicClient: peer: null
2024-08-10 07:08:44,496{GMT}	INFO	[jepsen worker 2] jepsen.util: 2	:info	:write	3	Remoting error:null
2024-08-10 07:08:44,497{GMT}	INFO	[jepsen worker 4] jepsen.util: 4	:fail	:read	nil	Remoting error:null
2024-08-10 07:08:44,510{GMT}	INFO	[jepsen worker 1] jepsen.util: 1	:invoke	:read	nil
2024-08-10 07:08:44,523{GMT}	INFO	[jepsen worker 1] com.alipay.sofa.jraft.test.atomic.client.AtomicClient: refreshLeader result: false, Status[UNKNOWN<-1>: Unknown leader, Unknown leader, Unknown leader, Unknown leader, Unknown leader]
2024-08-10 07:08:44,523{GMT}	INFO	[jepsen worker 1] com.alipay.sofa.jraft.test.atomic.client.AtomicClient: group: atomic_0, leader: null
2024-08-10 07:08:44,523{GMT}	INFO	[jepsen worker 1] com.alipay.sofa.jraft.test.atomic.client.AtomicClient: peer: null
2024-08-10 07:08:44,525{GMT}	INFO	[jepsen worker 1] jepsen.util: 1	:fail	:read	nil	Remoting error:null
2024-08-10 07:08:44,539{GMT}	INFO	[jepsen worker 0] jepsen.util: 0	:invoke	:read	nil
2024-08-10 07:08:44,551{GMT}	INFO	[jepsen worker 0] com.alipay.sofa.jraft.test.atomic.client.AtomicClient: refreshLeader result: false, Status[UNKNOWN<-1>: Unknown leader, Unknown leader, Unknown leader, Unknown leader, Unknown leader]
2024-08-10 07:08:44,552{GMT}	INFO	[jepsen worker 0] com.alipay.sofa.jraft.test.atomic.client.AtomicClient: group: atomic_0, leader: null
2024-08-10 07:08:44,552{GMT}	INFO	[jepsen worker 0] com.alipay.sofa.jraft.test.atomic.client.AtomicClient: peer: null
2024-08-10 07:08:44,553{GMT}	INFO	[jepsen worker 0] jepsen.util: 0	:fail	:read	nil	Remoting error:null
2024-08-10 07:08:44,558{GMT}	INFO	[jepsen worker 3] jepsen.util: 3	:invoke	:write	1
2024-08-10 07:08:44,570{GMT}	INFO	[jepsen worker 3] com.alipay.sofa.jraft.test.atomic.client.AtomicClient: refreshLeader result: false, Status[UNKNOWN<-1>: Unknown leader, Unknown leader, Unknown leader, Unknown leader, Unknown leader]
2024-08-10 07:08:44,570{GMT}	INFO	[jepsen worker 3] com.alipay.sofa.jraft.test.atomic.client.AtomicClient: group: atomic_0, leader: null
2024-08-10 07:08:44,571{GMT}	INFO	[jepsen worker 3] jepsen.util: 3	:info	:write	1	Remoting error:null
2024-08-10 07:08:44,632{GMT}	INFO	[jepsen worker 2] jepsen.util: 7	:invoke	:read	nil
2024-08-10 07:08:44,645{GMT}	INFO	[jepsen worker 2] com.alipay.sofa.jraft.test.atomic.client.AtomicClient: refreshLeader result: false, Status[UNKNOWN<-1>: Unknown leader, Unknown leader, Unknown leader, Unknown leader, Unknown leader]
2024-08-10 07:08:44,645{GMT}	INFO	[jepsen worker 2] com.alipay.sofa.jraft.test.atomic.client.AtomicClient: group: atomic_0, leader: null
2024-08-10 07:08:44,645{GMT}	INFO	[jepsen worker 2] com.alipay.sofa.jraft.test.atomic.client.AtomicClient: peer: null
2024-08-10 07:08:44,646{GMT}	INFO	[jepsen worker 2] jepsen.util: 7	:fail	:read	nil	Remoting error:null
2024-08-10 07:08:44,674{GMT}	INFO	[jepsen worker 1] jepsen.util: 1	:invoke	:cas	[1 0]
2024-08-10 07:08:44,683{GMT}	INFO	[jepsen worker 3] jepsen.util: 8	:invoke	:write	2
2024-08-10 07:08:44,683{GMT}	INFO	[jepsen worker 1] com.alipay.sofa.jraft.test.atomic.client.AtomicClient: refreshLeader result: false, Status[UNKNOWN<-1>: Unknown leader, Unknown leader, Unknown leader, Unknown leader, Unknown leader]
2024-08-10 07:08:44,683{GMT}	INFO	[jepsen worker 1] com.alipay.sofa.jraft.test.atomic.client.AtomicClient: group: atomic_0, leader: null
2024-08-10 07:08:44,684{GMT}	INFO	[jepsen worker 1] jepsen.util: 1	:info	:cas	[1 0]	Remoting error:null
2024-08-10 07:08:44,691{GMT}	INFO	[jepsen worker 3] com.alipay.sofa.jraft.test.atomic.client.AtomicClient: refreshLeader result: false, Status[UNKNOWN<-1>: Unknown leader, Unknown leader, Unknown leader, Unknown leader, Unknown leader]
2024-08-10 07:08:44,691{GMT}	INFO	[jepsen worker 3] com.alipay.sofa.jraft.test.atomic.client.AtomicClient: group: atomic_0, leader: null
2024-08-10 07:08:44,692{GMT}	INFO	[jepsen worker 3] jepsen.util: 8	:info	:write	2	Remoting error:null
2024-08-10 07:08:44,727{GMT}	INFO	[jepsen worker 0] jepsen.util: 0	:invoke	:cas	[4 0]
2024-08-10 07:08:44,739{GMT}	INFO	[jepsen worker 0] com.alipay.sofa.jraft.test.atomic.client.AtomicClient: refreshLeader result: false, Status[UNKNOWN<-1>: Unknown leader, Unknown leader, Unknown leader, Unknown leader, Unknown leader]
2024-08-10 07:08:44,739{GMT}	INFO	[jepsen worker 0] com.alipay.sofa.jraft.test.atomic.client.AtomicClient: group: atomic_0, leader: null
2024-08-10 07:08:44,740{GMT}	INFO	[jepsen worker 0] jepsen.util: 0	:info	:cas	[4 0]	Remoting error:null
2024-08-10 07:08:44,757{GMT}	INFO	[jepsen worker 4] jepsen.util: 4	:invoke	:read	nil
2024-08-10 07:08:44,767{GMT}	INFO	[jepsen worker 4] com.alipay.sofa.jraft.test.atomic.client.AtomicClient: refreshLeader result: false, Status[UNKNOWN<-1>: Unknown leader, Unknown leader, Unknown leader, Unknown leader, Unknown leader]
2024-08-10 07:08:44,767{GMT}	INFO	[jepsen worker 4] com.alipay.sofa.jraft.test.atomic.client.AtomicClient: group: atomic_0, leader: null
2024-08-10 07:08:44,767{GMT}	INFO	[jepsen worker 4] com.alipay.sofa.jraft.test.atomic.client.AtomicClient: peer: null
2024-08-10 07:08:44,768{GMT}	INFO	[jepsen worker 4] jepsen.util: 4	:fail	:read	nil	Remoting error:null
2024-08-10 07:08:44,782{GMT}	INFO	[jepsen worker 2] jepsen.util: 7	:invoke	:cas	[1 2]
2024-08-10 07:08:44,792{GMT}	INFO	[jepsen worker 2] com.alipay.sofa.jraft.test.atomic.client.AtomicClient: refreshLeader result: false, Status[UNKNOWN<-1>: Unknown leader, Unknown leader, Unknown leader, Unknown leader, Unknown leader]
2024-08-10 07:08:44,792{GMT}	INFO	[jepsen worker 2] com.alipay.sofa.jraft.test.atomic.client.AtomicClient: group: atomic_0, leader: null
2024-08-10 07:08:44,792{GMT}	INFO	[jepsen worker 2] jepsen.util: 7	:info	:cas	[1 2]	Remoting error:null
2024-08-10 07:08:44,812{GMT}	INFO	[jepsen worker 1] jepsen.util: 6	:invoke	:cas	[2 2]
2024-08-10 07:08:44,820{GMT}	INFO	[jepsen worker 1] com.alipay.sofa.jraft.test.atomic.client.AtomicClient: refreshLeader result: false, Status[UNKNOWN<-1>: Unknown leader, Unknown leader, Unknown leader, Unknown leader, Unknown leader]
2024-08-10 07:08:44,820{GMT}	INFO	[jepsen worker 1] com.alipay.sofa.jraft.test.atomic.client.AtomicClient: group: atomic_0, leader: null
2024-08-10 07:08:44,821{GMT}	INFO	[jepsen worker 1] jepsen.util: 6	:info	:cas	[2 2]	Remoting error:null
2024-08-10 07:08:44,885{GMT}	INFO	[jepsen worker 3] jepsen.util: 13	:invoke	:write	4
2024-08-10 07:08:44,894{GMT}	INFO	[jepsen worker 3] com.alipay.sofa.jraft.test.atomic.client.AtomicClient: refreshLeader result: false, Status[UNKNOWN<-1>: Unknown leader, Unknown leader, Unknown leader, Unknown leader, Unknown leader]
2024-08-10 07:08:44,895{GMT}	INFO	[jepsen worker 3] com.alipay.sofa.jraft.test.atomic.client.AtomicClient: group: atomic_0, leader: null
2024-08-10 07:08:44,895{GMT}	INFO	[jepsen worker 3] jepsen.util: 13	:info	:write	4	Remoting error:null
2024-08-10 07:08:44,918{GMT}	INFO	[jepsen worker 0] jepsen.util: 5	:invoke	:write	1
2024-08-10 07:08:44,926{GMT}	INFO	[jepsen worker 0] com.alipay.sofa.jraft.test.atomic.client.AtomicClient: refreshLeader result: false, Status[UNKNOWN<-1>: Unknown leader, Unknown leader, Unknown leader, Unknown leader, Unknown leader]
2024-08-10 07:08:44,926{GMT}	INFO	[jepsen worker 0] com.alipay.sofa.jraft.test.atomic.client.AtomicClient: group: atomic_0, leader: null
2024-08-10 07:08:44,926{GMT}	INFO	[jepsen worker 0] jepsen.util: 5	:info	:write	1	Remoting error:null
2024-08-10 07:08:44,937{GMT}	INFO	[jepsen worker 2] jepsen.util: 12	:invoke	:read	nil
2024-08-10 07:08:44,944{GMT}	INFO	[jepsen worker 4] jepsen.util: 4	:invoke	:write	2
2024-08-10 07:08:44,946{GMT}	INFO	[jepsen worker 2] com.alipay.sofa.jraft.test.atomic.client.AtomicClient: refreshLeader result: false, Status[UNKNOWN<-1>: Unknown leader, Unknown leader, Unknown leader, Unknown leader, Unknown leader]
2024-08-10 07:08:44,946{GMT}	INFO	[jepsen worker 2] com.alipay.sofa.jraft.test.atomic.client.AtomicClient: group: atomic_0, leader: null
2024-08-10 07:08:44,946{GMT}	INFO	[jepsen worker 2] com.alipay.sofa.jraft.test.atomic.client.AtomicClient: peer: null
2024-08-10 07:08:44,947{GMT}	INFO	[jepsen worker 2] jepsen.util: 12	:fail	:read	nil	Remoting error:null
2024-08-10 07:08:44,953{GMT}	INFO	[jepsen worker 4] com.alipay.sofa.jraft.test.atomic.client.AtomicClient: refreshLeader result: false, Status[UNKNOWN<-1>: Unknown leader, Unknown leader, Unknown leader, Unknown leader, Unknown leader]
2024-08-10 07:08:44,953{GMT}	INFO	[jepsen worker 4] com.alipay.sofa.jraft.test.atomic.client.AtomicClient: group: atomic_0, leader: null
2024-08-10 07:08:44,953{GMT}	INFO	[jepsen worker 4] jepsen.util: 4	:info	:write	2	Remoting error:null
2024-08-10 07:08:45,066{GMT}	INFO	[jepsen worker 2] jepsen.util: 12	:invoke	:read	nil
2024-08-10 07:08:45,075{GMT}	INFO	[jepsen worker 2] com.alipay.sofa.jraft.test.atomic.client.AtomicClient: refreshLeader result: false, Status[UNKNOWN<-1>: Unknown leader, Unknown leader, Unknown leader, Unknown leader, Unknown leader]
2024-08-10 07:08:45,075{GMT}	INFO	[jepsen worker 2] com.alipay.sofa.jraft.test.atomic.client.AtomicClient: group: atomic_0, leader: null
2024-08-10 07:08:45,075{GMT}	INFO	[jepsen worker 2] com.alipay.sofa.jraft.test.atomic.client.AtomicClient: peer: null
2024-08-10 07:08:45,076{GMT}	INFO	[jepsen worker 2] jepsen.util: 12	:fail	:read	nil	Remoting error:null
2024-08-10 07:08:45,088{GMT}	INFO	[jepsen worker 3] jepsen.util: 18	:invoke	:write	4
2024-08-10 07:08:45,091{GMT}	INFO	[jepsen worker 4] jepsen.util: 9	:invoke	:read	nil
2024-08-10 07:08:45,093{GMT}	INFO	[jepsen worker 1] jepsen.util: 11	:invoke	:cas	[4 0]
2024-08-10 07:08:45,100{GMT}	INFO	[jepsen worker 4] com.alipay.sofa.jraft.test.atomic.client.AtomicClient: refreshLeader result: false, Status[UNKNOWN<-1>: Unknown leader, Unknown leader, Unknown leader, Unknown leader, Unknown leader]
2024-08-10 07:08:45,100{GMT}	INFO	[jepsen worker 3] com.alipay.sofa.jraft.test.atomic.client.AtomicClient: refreshLeader result: false, Status[UNKNOWN<-1>: Unknown leader, Unknown leader, Unknown leader, Unknown leader, Unknown leader]
2024-08-10 07:08:45,100{GMT}	INFO	[jepsen worker 1] com.alipay.sofa.jraft.test.atomic.client.AtomicClient: refreshLeader result: false, Status[UNKNOWN<-1>: Unknown leader, Unknown leader, Unknown leader, Unknown leader, Unknown leader]
2024-08-10 07:08:45,100{GMT}	INFO	[jepsen worker 4] com.alipay.sofa.jraft.test.atomic.client.AtomicClient: group: atomic_0, leader: null
2024-08-10 07:08:45,100{GMT}	INFO	[jepsen worker 3] com.alipay.sofa.jraft.test.atomic.client.AtomicClient: group: atomic_0, leader: null
2024-08-10 07:08:45,100{GMT}	INFO	[jepsen worker 1] com.alipay.sofa.jraft.test.atomic.client.AtomicClient: group: atomic_0, leader: null
2024-08-10 07:08:45,100{GMT}	INFO	[jepsen worker 4] com.alipay.sofa.jraft.test.atomic.client.AtomicClient: peer: null
2024-08-10 07:08:45,101{GMT}	INFO	[jepsen worker 3] jepsen.util: 18	:info	:write	4	Remoting error:null
2024-08-10 07:08:45,101{GMT}	INFO	[jepsen worker 1] jepsen.util: 11	:info	:cas	[4 0]	Remoting error:null
2024-08-10 07:08:45,103{GMT}	INFO	[jepsen worker 4] jepsen.util: 9	:fail	:read	nil	Remoting error:null
2024-08-10 07:08:45,202{GMT}	INFO	[jepsen worker 0] jepsen.util: 10	:invoke	:read	nil
2024-08-10 07:08:45,205{GMT}	INFO	[jepsen worker 3] jepsen.util: 23	:invoke	:cas	[1 2]
2024-08-10 07:08:45,211{GMT}	INFO	[jepsen worker 0] com.alipay.sofa.jraft.test.atomic.client.AtomicClient: refreshLeader result: false, Status[UNKNOWN<-1>: Unknown leader, Unknown leader, Unknown leader, Unknown leader, Unknown leader]
2024-08-10 07:08:45,211{GMT}	INFO	[jepsen worker 0] com.alipay.sofa.jraft.test.atomic.client.AtomicClient: group: atomic_0, leader: null
2024-08-10 07:08:45,211{GMT}	INFO	[jepsen worker 0] com.alipay.sofa.jraft.test.atomic.client.AtomicClient: peer: null
2024-08-10 07:08:45,212{GMT}	INFO	[jepsen worker 0] jepsen.util: 10	:fail	:read	nil	Remoting error:null
2024-08-10 07:08:45,213{GMT}	INFO	[jepsen worker 3] com.alipay.sofa.jraft.test.atomic.client.AtomicClient: refreshLeader result: false, Status[UNKNOWN<-1>: Unknown leader, Unknown leader, Unknown leader, Unknown leader, Unknown leader]
2024-08-10 07:08:45,213{GMT}	INFO	[jepsen worker 3] com.alipay.sofa.jraft.test.atomic.client.AtomicClient: group: atomic_0, leader: null
2024-08-10 07:08:45,214{GMT}	INFO	[jepsen worker 3] jepsen.util: 23	:info	:cas	[1 2]	Remoting error:null
2024-08-10 07:08:45,247{GMT}	INFO	[jepsen worker 4] jepsen.util: 9	:invoke	:write	1
2024-08-10 07:08:45,255{GMT}	INFO	[jepsen worker 4] com.alipay.sofa.jraft.test.atomic.client.AtomicClient: refreshLeader result: false, Status[UNKNOWN<-1>: Unknown leader, Unknown leader, Unknown leader, Unknown leader, Unknown leader]
2024-08-10 07:08:45,256{GMT}	INFO	[jepsen worker 4] com.alipay.sofa.jraft.test.atomic.client.AtomicClient: group: atomic_0, leader: null
2024-08-10 07:08:45,256{GMT}	INFO	[jepsen worker 4] jepsen.util: 9	:info	:write	1	Remoting error:null
2024-08-10 07:08:45,280{GMT}	INFO	[jepsen worker 2] jepsen.util: 12	:invoke	:cas	[1 2]
2024-08-10 07:08:45,289{GMT}	INFO	[jepsen worker 2] com.alipay.sofa.jraft.test.atomic.client.AtomicClient: refreshLeader result: false, Status[UNKNOWN<-1>: Unknown leader, Unknown leader, Unknown leader, Unknown leader, Unknown leader]
2024-08-10 07:08:45,289{GMT}	INFO	[jepsen worker 2] com.alipay.sofa.jraft.test.atomic.client.AtomicClient: group: atomic_0, leader: null
2024-08-10 07:08:45,290{GMT}	INFO	[jepsen worker 2] jepsen.util: 12	:info	:cas	[1 2]	Remoting error:null
2024-08-10 07:08:45,377{GMT}	INFO	[jepsen worker 4] jepsen.util: 14	:invoke	:cas	[4 4]
2024-08-10 07:08:45,381{GMT}	INFO	[jepsen worker 1] jepsen.util: 16	:invoke	:cas	[0 1]
2024-08-10 07:08:45,386{GMT}	INFO	[jepsen worker 4] com.alipay.sofa.jraft.test.atomic.client.AtomicClient: refreshLeader result: false, Status[UNKNOWN<-1>: Unknown leader, Unknown leader, Unknown leader, Unknown leader, Unknown leader]
2024-08-10 07:08:45,386{GMT}	INFO	[jepsen worker 4] com.alipay.sofa.jraft.test.atomic.client.AtomicClient: group: atomic_0, leader: null
2024-08-10 07:08:45,386{GMT}	INFO	[jepsen worker 4] jepsen.util: 14	:info	:cas	[4 4]	Remoting error:null
2024-08-10 07:08:45,388{GMT}	INFO	[jepsen worker 1] com.alipay.sofa.jraft.test.atomic.client.AtomicClient: refreshLeader result: false, Status[UNKNOWN<-1>: Unknown leader, Unknown leader, Unknown leader, Unknown leader, Unknown leader]
2024-08-10 07:08:45,388{GMT}	INFO	[jepsen worker 1] com.alipay.sofa.jraft.test.atomic.client.AtomicClient: group: atomic_0, leader: null
2024-08-10 07:08:45,388{GMT}	INFO	[jepsen worker 1] jepsen.util: 16	:info	:cas	[0 1]	Remoting error:null
2024-08-10 07:08:45,458{GMT}	INFO	[jepsen worker 0] jepsen.util: 10	:invoke	:write	3
2024-08-10 07:08:45,465{GMT}	INFO	[jepsen worker 3] jepsen.util: 28	:invoke	:read	nil
2024-08-10 07:08:45,468{GMT}	INFO	[jepsen worker 0] com.alipay.sofa.jraft.test.atomic.client.AtomicClient: refreshLeader result: false, Status[UNKNOWN<-1>: Unknown leader, Unknown leader, Unknown leader, Unknown leader, Unknown leader]
2024-08-10 07:08:45,468{GMT}	INFO	[jepsen worker 0] com.alipay.sofa.jraft.test.atomic.client.AtomicClient: group: atomic_0, leader: null
2024-08-10 07:08:45,469{GMT}	INFO	[jepsen worker 0] jepsen.util: 10	:info	:write	3	Remoting error:null
2024-08-10 07:08:45,472{GMT}	INFO	[jepsen worker 3] com.alipay.sofa.jraft.test.atomic.client.AtomicClient: refreshLeader result: false, Status[UNKNOWN<-1>: Unknown leader, Unknown leader, Unknown leader, Unknown leader, Unknown leader]
2024-08-10 07:08:45,472{GMT}	INFO	[jepsen worker 3] com.alipay.sofa.jraft.test.atomic.client.AtomicClient: group: atomic_0, leader: null
2024-08-10 07:08:45,472{GMT}	INFO	[jepsen worker 3] com.alipay.sofa.jraft.test.atomic.client.AtomicClient: peer: null
2024-08-10 07:08:45,473{GMT}	INFO	[jepsen worker 3] jepsen.util: 28	:fail	:read	nil	Remoting error:null
2024-08-10 07:08:45,496{GMT}	INFO	[jepsen worker 2] jepsen.util: 17	:invoke	:read	nil
2024-08-10 07:08:45,503{GMT}	INFO	[jepsen worker 2] com.alipay.sofa.jraft.test.atomic.client.AtomicClient: refreshLeader result: false, Status[UNKNOWN<-1>: Unknown leader, Unknown leader, Unknown leader, Unknown leader, Unknown leader]
2024-08-10 07:08:45,504{GMT}	INFO	[jepsen worker 2] com.alipay.sofa.jraft.test.atomic.client.AtomicClient: group: atomic_0, leader: null
2024-08-10 07:08:45,504{GMT}	INFO	[jepsen worker 2] com.alipay.sofa.jraft.test.atomic.client.AtomicClient: peer: null
2024-08-10 07:08:45,504{GMT}	INFO	[jepsen worker 2] jepsen.util: 17	:fail	:read	nil	Remoting error:null
2024-08-10 07:08:45,528{GMT}	INFO	[jepsen worker 4] jepsen.util: 19	:invoke	:read	nil
2024-08-10 07:08:45,534{GMT}	INFO	[jepsen worker 4] com.alipay.sofa.jraft.test.atomic.client.AtomicClient: refreshLeader result: false, Status[UNKNOWN<-1>: Unknown leader, Unknown leader, Unknown leader, Unknown leader, Unknown leader]
2024-08-10 07:08:45,535{GMT}	INFO	[jepsen worker 4] com.alipay.sofa.jraft.test.atomic.client.AtomicClient: group: atomic_0, leader: null
2024-08-10 07:08:45,535{GMT}	INFO	[jepsen worker 4] com.alipay.sofa.jraft.test.atomic.client.AtomicClient: peer: null
2024-08-10 07:08:45,535{GMT}	INFO	[jepsen worker 4] jepsen.util: 19	:fail	:read	nil	Remoting error:null
2024-08-10 07:08:45,579{GMT}	INFO	[jepsen worker 3] jepsen.util: 28	:invoke	:write	4
2024-08-10 07:08:45,586{GMT}	INFO	[jepsen worker 3] com.alipay.sofa.jraft.test.atomic.client.AtomicClient: refreshLeader result: false, Status[UNKNOWN<-1>: Unknown leader, Unknown leader, Unknown leader, Unknown leader, Unknown leader]
2024-08-10 07:08:45,586{GMT}	INFO	[jepsen worker 3] com.alipay.sofa.jraft.test.atomic.client.AtomicClient: group: atomic_0, leader: null
2024-08-10 07:08:45,586{GMT}	INFO	[jepsen worker 3] jepsen.util: 28	:info	:write	4	Remoting error:null
2024-08-10 07:08:45,647{GMT}	INFO	[jepsen worker 1] jepsen.util: 21	:invoke	:read	nil
2024-08-10 07:08:45,655{GMT}	INFO	[jepsen worker 1] com.alipay.sofa.jraft.test.atomic.client.AtomicClient: refreshLeader result: false, Status[UNKNOWN<-1>: Unknown leader, Unknown leader, Unknown leader, Unknown leader, Unknown leader]
2024-08-10 07:08:45,655{GMT}	INFO	[jepsen worker 1] com.alipay.sofa.jraft.test.atomic.client.AtomicClient: group: atomic_0, leader: null
2024-08-10 07:08:45,655{GMT}	INFO	[jepsen worker 1] com.alipay.sofa.jraft.test.atomic.client.AtomicClient: peer: null
2024-08-10 07:08:45,656{GMT}	INFO	[jepsen worker 1] jepsen.util: 21	:fail	:read	nil	Remoting error:null
2024-08-10 07:08:45,657{GMT}	INFO	[jepsen worker 4] jepsen.util: 19	:invoke	:write	2
2024-08-10 07:08:45,663{GMT}	INFO	[jepsen worker 4] com.alipay.sofa.jraft.test.atomic.client.AtomicClient: refreshLeader result: false, Status[UNKNOWN<-1>: Unknown leader, Unknown leader, Unknown leader, Unknown leader, Unknown leader]
2024-08-10 07:08:45,663{GMT}	INFO	[jepsen worker 4] com.alipay.sofa.jraft.test.atomic.client.AtomicClient: group: atomic_0, leader: null
2024-08-10 07:08:45,663{GMT}	INFO	[jepsen worker 4] jepsen.util: 19	:info	:write	2	Remoting error:null
2024-08-10 07:08:45,737{GMT}	INFO	[jepsen worker 0] jepsen.util: 15	:invoke	:write	3
2024-08-10 07:08:45,745{GMT}	INFO	[jepsen worker 0] com.alipay.sofa.jraft.test.atomic.client.AtomicClient: refreshLeader result: false, Status[UNKNOWN<-1>: Unknown leader, Unknown leader, Unknown leader, Unknown leader, Unknown leader]
2024-08-10 07:08:45,745{GMT}	INFO	[jepsen worker 0] com.alipay.sofa.jraft.test.atomic.client.AtomicClient: group: atomic_0, leader: null
2024-08-10 07:08:45,746{GMT}	INFO	[jepsen worker 0] jepsen.util: 15	:info	:write	3	Remoting error:null
2024-08-10 07:08:45,773{GMT}	INFO	[jepsen worker 2] jepsen.util: 17	:invoke	:read	nil
2024-08-10 07:08:45,780{GMT}	INFO	[jepsen worker 2] com.alipay.sofa.jraft.test.atomic.client.AtomicClient: refreshLeader result: false, Status[UNKNOWN<-1>: Unknown leader, Unknown leader, Unknown leader, Unknown leader, Unknown leader]
2024-08-10 07:08:45,780{GMT}	INFO	[jepsen worker 2] com.alipay.sofa.jraft.test.atomic.client.AtomicClient: group: atomic_0, leader: null
2024-08-10 07:08:45,780{GMT}	INFO	[jepsen worker 2] com.alipay.sofa.jraft.test.atomic.client.AtomicClient: peer: null
2024-08-10 07:08:45,781{GMT}	INFO	[jepsen worker 2] jepsen.util: 17	:fail	:read	nil	Remoting error:null
2024-08-10 07:08:45,789{GMT}	INFO	[jepsen worker 3] jepsen.util: 33	:invoke	:read	nil
2024-08-10 07:08:45,796{GMT}	INFO	[jepsen worker 3] com.alipay.sofa.jraft.test.atomic.client.AtomicClient: refreshLeader result: false, Status[UNKNOWN<-1>: Unknown leader, Unknown leader, Unknown leader, Unknown leader, Unknown leader]
2024-08-10 07:08:45,796{GMT}	INFO	[jepsen worker 3] com.alipay.sofa.jraft.test.atomic.client.AtomicClient: group: atomic_0, leader: null
2024-08-10 07:08:45,796{GMT}	INFO	[jepsen worker 3] com.alipay.sofa.jraft.test.atomic.client.AtomicClient: peer: null
2024-08-10 07:08:45,797{GMT}	INFO	[jepsen worker 3] jepsen.util: 33	:fail	:read	nil	Remoting error:null
2024-08-10 07:08:45,877{GMT}	INFO	[jepsen worker 4] jepsen.util: 24	:invoke	:cas	[3 4]
2024-08-10 07:08:45,881{GMT}	INFO	[jepsen worker 1] jepsen.util: 21	:invoke	:cas	[3 3]
2024-08-10 07:08:45,886{GMT}	INFO	[jepsen worker 4] com.alipay.sofa.jraft.test.atomic.client.AtomicClient: refreshLeader result: false, Status[UNKNOWN<-1>: Unknown leader, Unknown leader, Unknown leader, Unknown leader, Unknown leader]
2024-08-10 07:08:45,887{GMT}	INFO	[jepsen worker 4] com.alipay.sofa.jraft.test.atomic.client.AtomicClient: group: atomic_0, leader: null
2024-08-10 07:08:45,887{GMT}	INFO	[jepsen worker 4] jepsen.util: 24	:info	:cas	[3 4]	Remoting error:null
2024-08-10 07:08:45,889{GMT}	INFO	[jepsen worker 1] com.alipay.sofa.jraft.test.atomic.client.AtomicClient: refreshLeader result: false, Status[UNKNOWN<-1>: Unknown leader, Unknown leader, Unknown leader, Unknown leader, Unknown leader]
2024-08-10 07:08:45,889{GMT}	INFO	[jepsen worker 1] com.alipay.sofa.jraft.test.atomic.client.AtomicClient: group: atomic_0, leader: null
2024-08-10 07:08:45,889{GMT}	INFO	[jepsen worker 1] jepsen.util: 21	:info	:cas	[3 3]	Remoting error:null
2024-08-10 07:08:45,959{GMT}	INFO	[jepsen worker 2] jepsen.util: 17	:invoke	:read	nil
2024-08-10 07:08:45,967{GMT}	INFO	[jepsen worker 2] com.alipay.sofa.jraft.test.atomic.client.AtomicClient: refreshLeader result: false, Status[UNKNOWN<-1>: Unknown leader, Unknown leader, Unknown leader, Unknown leader, Unknown leader]
2024-08-10 07:08:45,967{GMT}	INFO	[jepsen worker 2] com.alipay.sofa.jraft.test.atomic.client.AtomicClient: group: atomic_0, leader: null
2024-08-10 07:08:45,967{GMT}	INFO	[jepsen worker 2] com.alipay.sofa.jraft.test.atomic.client.AtomicClient: peer: null
2024-08-10 07:08:45,967{GMT}	INFO	[jepsen worker 2] jepsen.util: 17	:fail	:read	nil	Remoting error:null
2024-08-10 07:08:46,020{GMT}	INFO	[jepsen worker 0] jepsen.util: 20	:invoke	:read	nil
2024-08-10 07:08:46,027{GMT}	INFO	[jepsen worker 0] com.alipay.sofa.jraft.test.atomic.client.AtomicClient: refreshLeader result: false, Status[UNKNOWN<-1>: Unknown leader, Unknown leader, Unknown leader, Unknown leader, Unknown leader]
2024-08-10 07:08:46,027{GMT}	INFO	[jepsen worker 0] com.alipay.sofa.jraft.test.atomic.client.AtomicClient: group: atomic_0, leader: null
2024-08-10 07:08:46,028{GMT}	INFO	[jepsen worker 0] com.alipay.sofa.jraft.test.atomic.client.AtomicClient: peer: null
2024-08-10 07:08:46,028{GMT}	INFO	[jepsen worker 0] jepsen.util: 20	:fail	:read	nil	Remoting error:null
2024-08-10 07:08:46,077{GMT}	INFO	[jepsen worker 3] jepsen.util: 33	:invoke	:write	3
2024-08-10 07:08:46,084{GMT}	INFO	[jepsen worker 3] com.alipay.sofa.jraft.test.atomic.client.AtomicClient: refreshLeader result: false, Status[UNKNOWN<-1>: Unknown leader, Unknown leader, Unknown leader, Unknown leader, Unknown leader]
2024-08-10 07:08:46,084{GMT}	INFO	[jepsen worker 3] com.alipay.sofa.jraft.test.atomic.client.AtomicClient: group: atomic_0, leader: null
2024-08-10 07:08:46,084{GMT}	INFO	[jepsen worker 3] jepsen.util: 33	:info	:write	3	Remoting error:null
2024-08-10 07:08:46,104{GMT}	INFO	[jepsen worker 1] jepsen.util: 26	:invoke	:write	2
2024-08-10 07:08:46,111{GMT}	INFO	[jepsen worker 1] com.alipay.sofa.jraft.test.atomic.client.AtomicClient: refreshLeader result: false, Status[UNKNOWN<-1>: Unknown leader, Unknown leader, Unknown leader, Unknown leader, Unknown leader]
2024-08-10 07:08:46,111{GMT}	INFO	[jepsen worker 1] com.alipay.sofa.jraft.test.atomic.client.AtomicClient: group: atomic_0, leader: null
2024-08-10 07:08:46,112{GMT}	INFO	[jepsen worker 1] jepsen.util: 26	:info	:write	2	Remoting error:null
2024-08-10 07:08:46,126{GMT}	INFO	[jepsen worker 2] jepsen.util: 17	:invoke	:cas	[1 3]
2024-08-10 07:08:46,131{GMT}	INFO	[jepsen worker 2] com.alipay.sofa.jraft.test.atomic.client.AtomicClient: refreshLeader result: false, Status[UNKNOWN<-1>: Unknown leader, Unknown leader, Unknown leader, Unknown leader, Unknown leader]
2024-08-10 07:08:46,131{GMT}	INFO	[jepsen worker 2] com.alipay.sofa.jraft.test.atomic.client.AtomicClient: group: atomic_0, leader: null
2024-08-10 07:08:46,132{GMT}	INFO	[jepsen worker 2] jepsen.util: 17	:info	:cas	[1 3]	Remoting error:null
2024-08-10 07:08:46,159{GMT}	INFO	[jepsen worker 4] jepsen.util: 29	:invoke	:read	nil
2024-08-10 07:08:46,164{GMT}	INFO	[jepsen worker 4] com.alipay.sofa.jraft.test.atomic.client.AtomicClient: refreshLeader result: false, Status[UNKNOWN<-1>: Unknown leader, Unknown leader, Unknown leader, Unknown leader, Unknown leader]
2024-08-10 07:08:46,165{GMT}	INFO	[jepsen worker 4] com.alipay.sofa.jraft.test.atomic.client.AtomicClient: group: atomic_0, leader: null
2024-08-10 07:08:46,165{GMT}	INFO	[jepsen worker 4] com.alipay.sofa.jraft.test.atomic.client.AtomicClient: peer: null
2024-08-10 07:08:46,165{GMT}	INFO	[jepsen worker 4] jepsen.util: 29	:fail	:read	nil	Remoting error:null
2024-08-10 07:08:46,202{GMT}	INFO	[jepsen worker 3] jepsen.util: 38	:invoke	:write	2
2024-08-10 07:08:46,208{GMT}	INFO	[jepsen worker 3] com.alipay.sofa.jraft.test.atomic.client.AtomicClient: refreshLeader result: false, Status[UNKNOWN<-1>: Unknown leader, Unknown leader, Unknown leader, Unknown leader, Unknown leader]
2024-08-10 07:08:46,208{GMT}	INFO	[jepsen worker 3] com.alipay.sofa.jraft.test.atomic.client.AtomicClient: group: atomic_0, leader: null
2024-08-10 07:08:46,208{GMT}	INFO	[jepsen worker 3] jepsen.util: 38	:info	:write	2	Remoting error:null
2024-08-10 07:08:46,247{GMT}	INFO	[jepsen worker 0] jepsen.util: 20	:invoke	:cas	[3 2]
2024-08-10 07:08:46,252{GMT}	INFO	[jepsen worker 1] jepsen.util: 31	:invoke	:cas	[3 2]
2024-08-10 07:08:46,253{GMT}	INFO	[jepsen worker 0] com.alipay.sofa.jraft.test.atomic.client.AtomicClient: refreshLeader result: false, Status[UNKNOWN<-1>: Unknown leader, Unknown leader, Unknown leader, Unknown leader, Unknown leader]
2024-08-10 07:08:46,253{GMT}	INFO	[jepsen worker 0] com.alipay.sofa.jraft.test.atomic.client.AtomicClient: group: atomic_0, leader: null
2024-08-10 07:08:46,254{GMT}	INFO	[jepsen worker 0] jepsen.util: 20	:info	:cas	[3 2]	Remoting error:null
2024-08-10 07:08:46,258{GMT}	INFO	[jepsen worker 1] com.alipay.sofa.jraft.test.atomic.client.AtomicClient: refreshLeader result: false, Status[UNKNOWN<-1>: Unknown leader, Unknown leader, Unknown leader, Unknown leader, Unknown leader]
2024-08-10 07:08:46,258{GMT}	INFO	[jepsen worker 1] com.alipay.sofa.jraft.test.atomic.client.AtomicClient: group: atomic_0, leader: null
2024-08-10 07:08:46,258{GMT}	INFO	[jepsen worker 1] jepsen.util: 31	:info	:cas	[3 2]	Remoting error:null
2024-08-10 07:08:46,290{GMT}	INFO	[jepsen worker 2] jepsen.util: 22	:invoke	:read	nil
2024-08-10 07:08:46,297{GMT}	INFO	[jepsen worker 2] com.alipay.sofa.jraft.test.atomic.client.AtomicClient: refreshLeader result: false, Status[UNKNOWN<-1>: Unknown leader, Unknown leader, Unknown leader, Unknown leader, Unknown leader]
2024-08-10 07:08:46,297{GMT}	INFO	[jepsen worker 2] com.alipay.sofa.jraft.test.atomic.client.AtomicClient: group: atomic_0, leader: null
2024-08-10 07:08:46,297{GMT}	INFO	[jepsen worker 2] com.alipay.sofa.jraft.test.atomic.client.AtomicClient: peer: null
2024-08-10 07:08:46,297{GMT}	INFO	[jepsen worker 2] jepsen.util: 22	:fail	:read	nil	Remoting error:null
2024-08-10 07:08:46,322{GMT}	INFO	[jepsen worker 4] jepsen.util: 29	:invoke	:cas	[4 0]
2024-08-10 07:08:46,329{GMT}	INFO	[jepsen worker 4] com.alipay.sofa.jraft.test.atomic.client.AtomicClient: refreshLeader result: false, Status[UNKNOWN<-1>: Unknown leader, Unknown leader, Unknown leader, Unknown leader, Unknown leader]
2024-08-10 07:08:46,329{GMT}	INFO	[jepsen worker 4] com.alipay.sofa.jraft.test.atomic.client.AtomicClient: group: atomic_0, leader: null
2024-08-10 07:08:46,329{GMT}	INFO	[jepsen worker 4] jepsen.util: 29	:info	:cas	[4 0]	Remoting error:null
2024-08-10 07:08:46,440{GMT}	INFO	[jepsen worker 1] jepsen.util: 36	:invoke	:cas	[4 4]
2024-08-10 07:08:46,449{GMT}	INFO	[jepsen worker 1] com.alipay.sofa.jraft.test.atomic.client.AtomicClient: refreshLeader result: false, Status[UNKNOWN<-1>: Unknown leader, Unknown leader, Unknown leader, Unknown leader, Unknown leader]
2024-08-10 07:08:46,449{GMT}	INFO	[jepsen worker 1] com.alipay.sofa.jraft.test.atomic.client.AtomicClient: group: atomic_0, leader: null
2024-08-10 07:08:46,450{GMT}	INFO	[jepsen worker 1] jepsen.util: 36	:info	:cas	[4 4]	Remoting error:null
2024-08-10 07:08:46,467{GMT}	INFO	[jepsen worker 3] jepsen.util: 43	:invoke	:cas	[4 0]
2024-08-10 07:08:46,474{GMT}	INFO	[jepsen worker 3] com.alipay.sofa.jraft.test.atomic.client.AtomicClient: refreshLeader result: false, Status[UNKNOWN<-1>: Unknown leader, Unknown leader, Unknown leader, Unknown leader, Unknown leader]
2024-08-10 07:08:46,475{GMT}	INFO	[jepsen worker 3] com.alipay.sofa.jraft.test.atomic.client.AtomicClient: group: atomic_0, leader: null
2024-08-10 07:08:46,475{GMT}	INFO	[jepsen worker 3] jepsen.util: 43	:info	:cas	[4 0]	Remoting error:null
2024-08-10 07:08:46,481{GMT}	INFO	[jepsen worker 4] jepsen.util: 34	:invoke	:write	1
2024-08-10 07:08:46,488{GMT}	INFO	[jepsen worker 4] com.alipay.sofa.jraft.test.atomic.client.AtomicClient: refreshLeader result: false, Status[UNKNOWN<-1>: Unknown leader, Unknown leader, Unknown leader, Unknown leader, Unknown leader]
2024-08-10 07:08:46,488{GMT}	INFO	[jepsen worker 4] com.alipay.sofa.jraft.test.atomic.client.AtomicClient: group: atomic_0, leader: null
2024-08-10 07:08:46,488{GMT}	INFO	[jepsen worker 4] jepsen.util: 34	:info	:write	1	Remoting error:null
2024-08-10 07:08:46,518{GMT}	INFO	[jepsen worker 2] jepsen.util: 22	:invoke	:write	1
2024-08-10 07:08:46,524{GMT}	INFO	[jepsen worker 2] com.alipay.sofa.jraft.test.atomic.client.AtomicClient: refreshLeader result: false, Status[UNKNOWN<-1>: Unknown leader, Unknown leader, Unknown leader, Unknown leader, Unknown leader]
2024-08-10 07:08:46,524{GMT}	INFO	[jepsen worker 2] com.alipay.sofa.jraft.test.atomic.client.AtomicClient: group: atomic_0, leader: null
2024-08-10 07:08:46,524{GMT}	INFO	[jepsen worker 2] jepsen.util: 22	:info	:write	1	Remoting error:null
2024-08-10 07:08:46,532{GMT}	INFO	[jepsen worker 0] jepsen.util: 25	:invoke	:read	nil
2024-08-10 07:08:46,538{GMT}	INFO	[jepsen worker 0] com.alipay.sofa.jraft.test.atomic.client.AtomicClient: refreshLeader result: false, Status[UNKNOWN<-1>: Unknown leader, Unknown leader, Unknown leader, Unknown leader, Unknown leader]
2024-08-10 07:08:46,538{GMT}	INFO	[jepsen worker 0] com.alipay.sofa.jraft.test.atomic.client.AtomicClient: group: atomic_0, leader: null
2024-08-10 07:08:46,538{GMT}	INFO	[jepsen worker 0] com.alipay.sofa.jraft.test.atomic.client.AtomicClient: peer: null
2024-08-10 07:08:46,540{GMT}	INFO	[jepsen worker 0] jepsen.util: 25	:fail	:read	nil	Remoting error:null
