2024-08-10 06:55:59,584{GMT}	INFO	[jepsen test runner] jepsen.core: Running test:
 {:ssh-private-key "/root/.ssh/id_rsa",
 :nodes-file "./nodes",
 :concurrency 5,
 :slots 1,
 :db
 #object[jepsen.atomic$db$reify__412 0x3ba348ca "jepsen.atomic$db$reify__412@3ba348ca"],
 :name "atomic.partition-majority",
 :ops-per-key 100,
 :start-time
 #object[org.joda.time.DateTime 0x1d901f20 "2024-08-10T06:55:59.000Z"],
 :net
 #object[jepsen.net$reify__3910 0x784223e9 "jepsen.net$reify__3910@784223e9"],
 :client {:k "a", :conn nil},
 :quorum false,
 :barrier
 #object[java.util.concurrent.CyclicBarrier 0x42383cb0 "java.util.concurrent.CyclicBarrier@42383cb0"],
 :ssh
 {:username "root",
  :password "123456",
  :strict-host-key-checking false,
  :private-key-path "/root/.ssh/id_rsa"},
 :rate 10,
 :checker
 #object[jepsen.checker$compose$reify__3577 0x2e32fc22 "jepsen.checker$compose$reify__3577@2e32fc22"],
 :nemesis
 #object[jepsen.nemesis$partitioner$reify__4013 0x19b206ee "jepsen.nemesis$partitioner$reify__4013@19b206ee"],
 :active-histories #<Atom@6ebc9573: #{}>,
 :nodes ["n1" "n2" "n3" "n4" "n5"],
 :test-count 1,
 :generator
 #object[jepsen.generator$concat$reify__2328 0x1823b9c4 "jepsen.generator$concat$reify__2328@1823b9c4"],
 :os
 #object[jepsen.os$reify__1415 0x7b3cde6f "jepsen.os$reify__1415@7b3cde6f"],
 :time-limit 60,
 :testfn "partition-majority-test",
 :model {:value 0}}

2024-08-10 06:56:00,552{GMT}	INFO	[jepsen node n1] jepsen.atomic: Stop n1
2024-08-10 06:56:00,552{GMT}	INFO	[jepsen node n3] jepsen.atomic: Stop n3
2024-08-10 06:56:00,552{GMT}	INFO	[jepsen node n5] jepsen.atomic: Stop n5
2024-08-10 06:56:00,552{GMT}	INFO	[jepsen node n2] jepsen.atomic: Stop n2
2024-08-10 06:56:00,552{GMT}	INFO	[jepsen node n4] jepsen.atomic: Stop n4
2024-08-10 06:56:05,960{GMT}	INFO	[jepsen node n5] jepsen.atomic: 
2024-08-10 06:56:05,960{GMT}	INFO	[jepsen node n4] jepsen.atomic: 
2024-08-10 06:56:05,960{GMT}	INFO	[jepsen node n1] jepsen.atomic: 
2024-08-10 06:56:05,960{GMT}	INFO	[jepsen node n2] jepsen.atomic: 
2024-08-10 06:56:06,009{GMT}	INFO	[jepsen node n3] jepsen.atomic: 
2024-08-10 06:56:06,062{GMT}	INFO	[jepsen node n4] jepsen.atomic: 
2024-08-10 06:56:06,062{GMT}	INFO	[jepsen node n5] jepsen.atomic: 
2024-08-10 06:56:06,062{GMT}	INFO	[jepsen node n1] jepsen.atomic: 
2024-08-10 06:56:06,062{GMT}	INFO	[jepsen node n2] jepsen.atomic: 
2024-08-10 06:56:06,110{GMT}	INFO	[jepsen node n3] jepsen.atomic: 
2024-08-10 06:56:06,163{GMT}	INFO	[jepsen node n1] jepsen.atomic: 
2024-08-10 06:56:06,163{GMT}	INFO	[jepsen node n4] jepsen.atomic: 
2024-08-10 06:56:06,163{GMT}	INFO	[jepsen node n5] jepsen.atomic: 
2024-08-10 06:56:06,163{GMT}	INFO	[jepsen node n1] jepsen.atomic: Start n1
2024-08-10 06:56:06,163{GMT}	INFO	[jepsen node n4] jepsen.atomic: Start n4
2024-08-10 06:56:06,164{GMT}	INFO	[jepsen node n2] jepsen.atomic: 
2024-08-10 06:56:06,164{GMT}	INFO	[jepsen node n5] jepsen.atomic: Start n5
2024-08-10 06:56:06,164{GMT}	INFO	[jepsen node n2] jepsen.atomic: Start n2
2024-08-10 06:56:06,211{GMT}	INFO	[jepsen node n3] jepsen.atomic: 
2024-08-10 06:56:06,212{GMT}	INFO	[jepsen node n3] jepsen.atomic: Start n3
2024-08-10 06:56:16,317{GMT}	INFO	[jepsen nemesis] jepsen.core: Starting nemesis
2024-08-10 06:56:16,318{GMT}	INFO	[jepsen worker 0] jepsen.core: Starting worker 0
2024-08-10 06:56:16,318{GMT}	INFO	[jepsen worker 2] jepsen.core: Starting worker 2
2024-08-10 06:56:16,319{GMT}	INFO	[jepsen worker 1] jepsen.core: Starting worker 1
2024-08-10 06:56:16,319{GMT}	INFO	[jepsen worker 4] jepsen.core: Starting worker 4
2024-08-10 06:56:16,319{GMT}	INFO	[jepsen worker 3] jepsen.core: Starting worker 3
2024-08-10 06:56:16,325{GMT}	INFO	[jepsen worker 0] com.alipay.sofa.jraft.util.JRaftServiceLoader: SPI service [com.alipay.sofa.jraft.util.timer.RaftTimerFactory - com.alipay.sofa.jraft.util.timer.DefaultRaftTimerFactory] loading.
2024-08-10 06:56:16,386{GMT}	INFO	[jepsen worker 4] com.alipay.sofa.jraft.util.JRaftServiceLoader: SPI service [com.alipay.sofa.jraft.rpc.RaftRpcFactory - com.alipay.sofa.jraft.rpc.impl.BoltRaftRpcFactory] loading.
2024-08-10 06:56:16,509{GMT}	INFO	[jepsen worker 4] com.alipay.sofa.common.log: Sofa-Middleware-Log SLF4J : Actual binding is of type [ com.alipay.remoting Logback ]
2024-08-10 06:56:16,524{GMT}	INFO	[jepsen nemesis] jepsen.core: Running nemesis
2024-08-10 06:56:16,931{GMT}	INFO	[jepsen worker 3] com.alipay.sofa.jraft.test.atomic.client.AtomicClient: All groups  is {0=atomic_0}
2024-08-10 06:56:16,931{GMT}	INFO	[jepsen worker 1] com.alipay.sofa.jraft.test.atomic.client.AtomicClient: All groups  is {0=atomic_0}
2024-08-10 06:56:16,931{GMT}	INFO	[jepsen worker 2] com.alipay.sofa.jraft.test.atomic.client.AtomicClient: All groups  is {0=atomic_0}
2024-08-10 06:56:16,931{GMT}	INFO	[jepsen worker 0] com.alipay.sofa.jraft.test.atomic.client.AtomicClient: All groups  is {0=atomic_0}
2024-08-10 06:56:16,931{GMT}	INFO	[jepsen worker 4] com.alipay.sofa.jraft.test.atomic.client.AtomicClient: All groups  is {0=atomic_0}
2024-08-10 06:56:17,176{GMT}	INFO	[jepsen worker 2] jepsen.core: Running worker 2
2024-08-10 06:56:17,178{GMT}	INFO	[jepsen worker 0] jepsen.core: Running worker 0
2024-08-10 06:56:17,179{GMT}	INFO	[jepsen worker 4] jepsen.core: Running worker 4
2024-08-10 06:56:17,180{GMT}	INFO	[jepsen worker 3] jepsen.core: Running worker 3
2024-08-10 06:56:17,182{GMT}	INFO	[jepsen worker 1] jepsen.core: Running worker 1
2024-08-10 06:56:17,305{GMT}	INFO	[jepsen worker 4] jepsen.util: 4	:invoke	:write	2
2024-08-10 06:56:17,322{GMT}	INFO	[jepsen worker 4] jepsen.util: 4	:info	:write	2	Remoting error:null
2024-08-10 06:56:17,355{GMT}	INFO	[jepsen worker 0] jepsen.util: 0	:invoke	:read	nil
2024-08-10 06:56:17,355{GMT}	INFO	[jepsen worker 2] jepsen.util: 2	:invoke	:write	4
2024-08-10 06:56:17,367{GMT}	INFO	[jepsen worker 2] jepsen.util: 2	:info	:write	4	Remoting error:null
2024-08-10 06:56:17,369{GMT}	INFO	[jepsen worker 0] jepsen.util: 0	:fail	:read	nil	Remoting error:null
2024-08-10 06:56:17,375{GMT}	INFO	[jepsen worker 1] jepsen.util: 1	:invoke	:read	nil
2024-08-10 06:56:17,387{GMT}	INFO	[jepsen worker 1] jepsen.util: 1	:fail	:read	nil	Remoting error:null
2024-08-10 06:56:17,433{GMT}	INFO	[jepsen worker 3] jepsen.util: 3	:invoke	:cas	[0 2]
2024-08-10 06:56:17,447{GMT}	INFO	[jepsen worker 3] jepsen.util: 3	:info	:cas	[0 2]	Remoting error:null
2024-08-10 06:56:17,482{GMT}	INFO	[jepsen worker 4] jepsen.util: 9	:invoke	:cas	[4 0]
2024-08-10 06:56:17,494{GMT}	INFO	[jepsen worker 4] jepsen.util: 9	:info	:cas	[4 0]	Remoting error:null
2024-08-10 06:56:17,580{GMT}	INFO	[jepsen worker 1] jepsen.util: 1	:invoke	:cas	[1 0]
2024-08-10 06:56:17,590{GMT}	INFO	[jepsen worker 1] jepsen.util: 1	:info	:cas	[1 0]	Remoting error:null
2024-08-10 06:56:17,597{GMT}	INFO	[jepsen worker 0] jepsen.util: 0	:invoke	:write	3
2024-08-10 06:56:17,606{GMT}	INFO	[jepsen worker 0] jepsen.util: 0	:info	:write	3	Remoting error:null
2024-08-10 06:56:17,654{GMT}	INFO	[jepsen worker 2] jepsen.util: 7	:invoke	:cas	[2 0]
2024-08-10 06:56:17,663{GMT}	INFO	[jepsen worker 2] jepsen.util: 7	:info	:cas	[2 0]	Remoting error:null
2024-08-10 06:56:17,711{GMT}	INFO	[jepsen worker 1] jepsen.util: 6	:invoke	:read	nil
2024-08-10 06:56:17,719{GMT}	INFO	[jepsen worker 1] jepsen.util: 6	:fail	:read	nil	Remoting error:null
2024-08-10 06:56:17,744{GMT}	INFO	[jepsen worker 3] jepsen.util: 8	:invoke	:read	nil
2024-08-10 06:56:17,754{GMT}	INFO	[jepsen worker 3] jepsen.util: 8	:fail	:read	nil	Remoting error:null
2024-08-10 06:56:17,784{GMT}	INFO	[jepsen worker 4] jepsen.util: 14	:invoke	:write	3
2024-08-10 06:56:17,792{GMT}	INFO	[jepsen worker 4] jepsen.util: 14	:info	:write	3	Remoting error:null
2024-08-10 06:56:17,794{GMT}	INFO	[jepsen worker 0] jepsen.util: 5	:invoke	:write	4
2024-08-10 06:56:17,802{GMT}	INFO	[jepsen worker 0] jepsen.util: 5	:info	:write	4	Remoting error:null
2024-08-10 06:56:17,934{GMT}	INFO	[jepsen worker 2] jepsen.util: 12	:invoke	:read	nil
2024-08-10 06:56:17,937{GMT}	INFO	[jepsen worker 1] jepsen.util: 6	:invoke	:cas	[2 1]
2024-08-10 06:56:17,944{GMT}	INFO	[jepsen worker 2] jepsen.util: 12	:fail	:read	nil	Remoting error:null
2024-08-10 06:56:17,945{GMT}	INFO	[jepsen worker 1] jepsen.util: 6	:info	:cas	[2 1]	Remoting error:null
2024-08-10 06:56:17,996{GMT}	INFO	[jepsen worker 3] jepsen.util: 8	:invoke	:write	2
2024-08-10 06:56:18,005{GMT}	INFO	[jepsen worker 3] jepsen.util: 8	:info	:write	2	Remoting error:null
2024-08-10 06:56:18,008{GMT}	INFO	[jepsen worker 0] jepsen.util: 10	:invoke	:read	nil
2024-08-10 06:56:18,016{GMT}	INFO	[jepsen worker 0] jepsen.util: 10	:fail	:read	nil	Remoting error:null
2024-08-10 06:56:18,024{GMT}	INFO	[jepsen worker 4] jepsen.util: 19	:invoke	:write	3
2024-08-10 06:56:18,032{GMT}	INFO	[jepsen worker 4] jepsen.util: 19	:info	:write	3	Remoting error:null
2024-08-10 06:56:18,095{GMT}	INFO	[jepsen worker 2] jepsen.util: 12	:invoke	:write	3
2024-08-10 06:56:18,102{GMT}	INFO	[jepsen worker 2] jepsen.util: 12	:info	:write	3	Remoting error:null
2024-08-10 06:56:18,110{GMT}	INFO	[jepsen worker 3] jepsen.util: 13	:invoke	:write	0
2024-08-10 06:56:18,117{GMT}	INFO	[jepsen worker 3] jepsen.util: 13	:info	:write	0	Remoting error:null
2024-08-10 06:56:18,120{GMT}	INFO	[jepsen worker 0] jepsen.util: 10	:invoke	:cas	[1 2]
2024-08-10 06:56:18,121{GMT}	INFO	[jepsen worker 1] jepsen.util: 11	:invoke	:write	0
2024-08-10 06:56:18,131{GMT}	INFO	[jepsen worker 1] jepsen.util: 11	:info	:write	0	Remoting error:null
2024-08-10 06:56:18,131{GMT}	INFO	[jepsen worker 0] jepsen.util: 10	:info	:cas	[1 2]	Remoting error:null
2024-08-10 06:56:18,215{GMT}	INFO	[jepsen worker 4] jepsen.util: 24	:invoke	:cas	[0 0]
2024-08-10 06:56:18,223{GMT}	INFO	[jepsen worker 4] jepsen.util: 24	:info	:cas	[0 0]	Remoting error:null
2024-08-10 06:56:18,242{GMT}	INFO	[jepsen worker 3] jepsen.util: 18	:invoke	:read	nil
2024-08-10 06:56:18,251{GMT}	INFO	[jepsen worker 3] jepsen.util: 18	:fail	:read	nil	Remoting error:null
2024-08-10 06:56:18,255{GMT}	INFO	[jepsen worker 1] jepsen.util: 16	:invoke	:write	1
2024-08-10 06:56:18,263{GMT}	INFO	[jepsen worker 1] jepsen.util: 16	:info	:write	1	Remoting error:null
2024-08-10 06:56:18,352{GMT}	INFO	[jepsen worker 0] jepsen.util: 15	:invoke	:cas	[3 4]
2024-08-10 06:56:18,353{GMT}	INFO	[jepsen worker 2] jepsen.util: 17	:invoke	:read	nil
2024-08-10 06:56:18,362{GMT}	INFO	[jepsen worker 0] jepsen.util: 15	:info	:cas	[3 4]	Remoting error:null
2024-08-10 06:56:18,363{GMT}	INFO	[jepsen worker 2] jepsen.util: 17	:fail	:read	nil	Remoting error:null
2024-08-10 06:56:18,440{GMT}	INFO	[jepsen worker 4] jepsen.util: 29	:invoke	:write	0
2024-08-10 06:56:18,451{GMT}	INFO	[jepsen worker 4] jepsen.util: 29	:info	:write	0	Remoting error:null
2024-08-10 06:56:18,464{GMT}	INFO	[jepsen worker 2] jepsen.util: 17	:invoke	:read	nil
2024-08-10 06:56:18,472{GMT}	INFO	[jepsen worker 2] jepsen.util: 17	:fail	:read	nil	Remoting error:null
2024-08-10 06:56:18,474{GMT}	INFO	[jepsen worker 0] jepsen.util: 20	:invoke	:cas	[1 2]
2024-08-10 06:56:18,480{GMT}	INFO	[jepsen worker 0] jepsen.util: 20	:info	:cas	[1 2]	Remoting error:null
2024-08-10 06:56:18,503{GMT}	INFO	[jepsen worker 1] jepsen.util: 21	:invoke	:read	nil
2024-08-10 06:56:18,515{GMT}	INFO	[jepsen worker 1] jepsen.util: 21	:fail	:read	nil	Remoting error:null
2024-08-10 06:56:18,524{GMT}	INFO	[jepsen worker 3] jepsen.util: 18	:invoke	:cas	[3 3]
2024-08-10 06:56:18,537{GMT}	INFO	[jepsen worker 3] jepsen.util: 18	:info	:cas	[3 3]	Remoting error:null
2024-08-10 06:56:18,639{GMT}	INFO	[jepsen worker 4] jepsen.util: 34	:invoke	:cas	[4 3]
2024-08-10 06:56:18,647{GMT}	INFO	[jepsen worker 4] jepsen.util: 34	:info	:cas	[4 3]	Remoting error:null
2024-08-10 06:56:18,690{GMT}	INFO	[jepsen worker 2] jepsen.util: 17	:invoke	:read	nil
2024-08-10 06:56:18,699{GMT}	INFO	[jepsen worker 2] jepsen.util: 17	:fail	:read	nil	Remoting error:null
2024-08-10 06:56:18,713{GMT}	INFO	[jepsen worker 0] jepsen.util: 25	:invoke	:cas	[3 4]
2024-08-10 06:56:18,713{GMT}	INFO	[jepsen worker 1] jepsen.util: 21	:invoke	:write	0
2024-08-10 06:56:18,724{GMT}	INFO	[jepsen worker 0] jepsen.util: 25	:info	:cas	[3 4]	Remoting error:null
2024-08-10 06:56:18,724{GMT}	INFO	[jepsen worker 1] jepsen.util: 21	:info	:write	0	Remoting error:null
2024-08-10 06:56:18,765{GMT}	INFO	[jepsen worker 3] jepsen.util: 23	:invoke	:read	nil
2024-08-10 06:56:18,777{GMT}	INFO	[jepsen worker 3] jepsen.util: 23	:fail	:read	nil	Remoting error:null
2024-08-10 06:56:18,803{GMT}	INFO	[jepsen worker 4] jepsen.util: 39	:invoke	:read	nil
2024-08-10 06:56:18,812{GMT}	INFO	[jepsen worker 4] jepsen.util: 39	:fail	:read	nil	Remoting error:null
2024-08-10 06:56:18,952{GMT}	INFO	[jepsen worker 1] jepsen.util: 26	:invoke	:write	1
2024-08-10 06:56:18,961{GMT}	INFO	[jepsen worker 1] jepsen.util: 26	:info	:write	1	Remoting error:null
2024-08-10 06:56:18,978{GMT}	INFO	[jepsen worker 2] jepsen.util: 17	:invoke	:write	2
2024-08-10 06:56:18,985{GMT}	INFO	[jepsen worker 2] jepsen.util: 17	:info	:write	2	Remoting error:null
2024-08-10 06:56:18,988{GMT}	INFO	[jepsen worker 0] jepsen.util: 30	:invoke	:write	2
2024-08-10 06:56:18,994{GMT}	INFO	[jepsen worker 0] jepsen.util: 30	:info	:write	2	Remoting error:null
2024-08-10 06:56:18,994{GMT}	INFO	[jepsen worker 3] jepsen.util: 23	:invoke	:read	nil
2024-08-10 06:56:19,002{GMT}	INFO	[jepsen worker 3] jepsen.util: 23	:fail	:read	nil	Remoting error:null
2024-08-10 06:56:19,058{GMT}	INFO	[jepsen worker 4] jepsen.util: 39	:invoke	:cas	[4 1]
2024-08-10 06:56:19,071{GMT}	INFO	[jepsen worker 4] jepsen.util: 39	:info	:cas	[4 1]	Remoting error:null
2024-08-10 06:56:19,142{GMT}	INFO	[jepsen worker 2] jepsen.util: 22	:invoke	:write	1
2024-08-10 06:56:19,149{GMT}	INFO	[jepsen worker 2] jepsen.util: 22	:info	:write	1	Remoting error:null
2024-08-10 06:56:19,168{GMT}	INFO	[jepsen worker 3] jepsen.util: 23	:invoke	:cas	[4 1]
2024-08-10 06:56:19,175{GMT}	INFO	[jepsen worker 3] jepsen.util: 23	:info	:cas	[4 1]	Remoting error:null
2024-08-10 06:56:19,227{GMT}	INFO	[jepsen worker 1] jepsen.util: 31	:invoke	:write	1
2024-08-10 06:56:19,235{GMT}	INFO	[jepsen worker 1] jepsen.util: 31	:info	:write	1	Remoting error:null
2024-08-10 06:56:19,266{GMT}	INFO	[jepsen worker 0] jepsen.util: 35	:invoke	:cas	[2 2]
2024-08-10 06:56:19,274{GMT}	INFO	[jepsen worker 2] jepsen.util: 27	:invoke	:read	nil
2024-08-10 06:56:19,276{GMT}	INFO	[jepsen worker 0] jepsen.util: 35	:info	:cas	[2 2]	Remoting error:null
2024-08-10 06:56:19,282{GMT}	INFO	[jepsen worker 2] jepsen.util: 27	:fail	:read	nil	Remoting error:null
2024-08-10 06:56:19,299{GMT}	INFO	[jepsen worker 4] jepsen.util: 44	:invoke	:cas	[2 0]
2024-08-10 06:56:19,309{GMT}	INFO	[jepsen worker 4] jepsen.util: 44	:info	:cas	[2 0]	Remoting error:null
2024-08-10 06:56:19,426{GMT}	INFO	[jepsen worker 0] jepsen.util: 40	:invoke	:cas	[1 1]
2024-08-10 06:56:19,433{GMT}	INFO	[jepsen worker 3] jepsen.util: 28	:invoke	:cas	[3 3]
2024-08-10 06:56:19,437{GMT}	INFO	[jepsen worker 0] jepsen.util: 40	:info	:cas	[1 1]	Remoting error:null
2024-08-10 06:56:19,441{GMT}	INFO	[jepsen worker 3] jepsen.util: 28	:info	:cas	[3 3]	Remoting error:null
2024-08-10 06:56:19,466{GMT}	INFO	[jepsen worker 1] jepsen.util: 36	:invoke	:write	4
2024-08-10 06:56:19,473{GMT}	INFO	[jepsen worker 1] jepsen.util: 36	:info	:write	4	Remoting error:null
2024-08-10 06:56:19,531{GMT}	INFO	[jepsen worker 4] jepsen.util: 49	:invoke	:read	nil
2024-08-10 06:56:19,542{GMT}	INFO	[jepsen worker 4] jepsen.util: 49	:fail	:read	nil	Remoting error:null
2024-08-10 06:56:19,560{GMT}	INFO	[jepsen worker 2] jepsen.util: 27	:invoke	:cas	[3 2]
2024-08-10 06:56:19,561{GMT}	INFO	[jepsen worker 0] jepsen.util: 45	:invoke	:write	1
2024-08-10 06:56:19,569{GMT}	INFO	[jepsen worker 2] jepsen.util: 27	:info	:cas	[3 2]	Remoting error:null
2024-08-10 06:56:19,569{GMT}	INFO	[jepsen worker 0] jepsen.util: 45	:info	:write	1	Remoting error:null
2024-08-10 06:56:19,686{GMT}	INFO	[jepsen worker 3] jepsen.util: 33	:invoke	:write	3
2024-08-10 06:56:19,693{GMT}	INFO	[jepsen worker 3] jepsen.util: 33	:info	:write	3	Remoting error:null
2024-08-10 06:56:19,699{GMT}	INFO	[jepsen worker 1] jepsen.util: 41	:invoke	:write	3
2024-08-10 06:56:19,706{GMT}	INFO	[jepsen worker 1] jepsen.util: 41	:info	:write	3	Remoting error:null
2024-08-10 06:56:19,741{GMT}	INFO	[jepsen worker 0] jepsen.util: 50	:invoke	:cas	[0 3]
2024-08-10 06:56:19,749{GMT}	INFO	[jepsen worker 0] jepsen.util: 50	:info	:cas	[0 3]	Remoting error:null
2024-08-10 06:56:19,830{GMT}	INFO	[jepsen worker 4] jepsen.util: 49	:invoke	:write	4
2024-08-10 06:56:19,838{GMT}	INFO	[jepsen worker 4] jepsen.util: 49	:info	:write	4	Remoting error:null
2024-08-10 06:56:19,844{GMT}	INFO	[jepsen worker 2] jepsen.util: 32	:invoke	:cas	[3 0]
2024-08-10 06:56:19,850{GMT}	INFO	[jepsen worker 2] jepsen.util: 32	:info	:cas	[3 0]	Remoting error:null
2024-08-10 06:56:19,851{GMT}	INFO	[jepsen worker 1] jepsen.util: 46	:invoke	:read	nil
2024-08-10 06:56:19,857{GMT}	INFO	[jepsen worker 1] jepsen.util: 46	:fail	:read	nil	Remoting error:null
2024-08-10 06:56:19,961{GMT}	INFO	[jepsen worker 3] jepsen.util: 38	:invoke	:write	0
2024-08-10 06:56:19,968{GMT}	INFO	[jepsen worker 3] jepsen.util: 38	:info	:write	0	Remoting error:null
2024-08-10 06:56:19,982{GMT}	INFO	[jepsen worker 0] jepsen.util: 55	:invoke	:cas	[4 3]
2024-08-10 06:56:19,989{GMT}	INFO	[jepsen worker 0] jepsen.util: 55	:info	:cas	[4 3]	Remoting error:null
2024-08-10 06:56:20,062{GMT}	INFO	[jepsen worker 1] jepsen.util: 46	:invoke	:write	1
2024-08-10 06:56:20,069{GMT}	INFO	[jepsen worker 1] jepsen.util: 46	:info	:write	1	Remoting error:null
