2024-08-10 07:02:19,747{GMT}	INFO	[jepsen test runner] jepsen.core: Running test:
 {:ssh-private-key "/root/.ssh/id_rsa",
 :nodes-file "./nodes",
 :concurrency 5,
 :slots 1,
 :db
 #object[jepsen.atomic$db$reify__412 0x3ba348ca "jepsen.atomic$db$reify__412@3ba348ca"],
 :name "atomic.partition-majority",
 :ops-per-key 100,
 :start-time
 #object[org.joda.time.DateTime 0x1d901f20 "2024-08-10T07:02:19.000Z"],
 :net
 #object[jepsen.net$reify__3910 0x784223e9 "jepsen.net$reify__3910@784223e9"],
 :client {:k "a", :conn nil},
 :quorum false,
 :barrier
 #object[java.util.concurrent.CyclicBarrier 0x42383cb0 "java.util.concurrent.CyclicBarrier@42383cb0"],
 :ssh
 {:username "root",
  :password "123456",
  :strict-host-key-checking false,
  :private-key-path "/root/.ssh/id_rsa"},
 :rate 10,
 :checker
 #object[jepsen.checker$compose$reify__3577 0x2e32fc22 "jepsen.checker$compose$reify__3577@2e32fc22"],
 :nemesis
 #object[jepsen.nemesis$partitioner$reify__4013 0x19b206ee "jepsen.nemesis$partitioner$reify__4013@19b206ee"],
 :active-histories #<Atom@6ebc9573: #{}>,
 :nodes ["n1" "n2" "n3" "n4" "n5"],
 :test-count 1,
 :generator
 #object[jepsen.generator$concat$reify__2328 0x1823b9c4 "jepsen.generator$concat$reify__2328@1823b9c4"],
 :os
 #object[jepsen.os$reify__1415 0x7b3cde6f "jepsen.os$reify__1415@7b3cde6f"],
 :time-limit 60,
 :testfn "partition-majority-test",
 :model {:value 0}}

2024-08-10 07:02:20,674{GMT}	INFO	[jepsen node n4] jepsen.atomic: Stop n4
2024-08-10 07:02:20,674{GMT}	INFO	[jepsen node n1] jepsen.atomic: Stop n1
2024-08-10 07:02:20,675{GMT}	INFO	[jepsen node n2] jepsen.atomic: Stop n2
2024-08-10 07:02:20,675{GMT}	INFO	[jepsen node n5] jepsen.atomic: Stop n5
2024-08-10 07:02:20,675{GMT}	INFO	[jepsen node n3] jepsen.atomic: Stop n3
2024-08-10 07:02:26,082{GMT}	INFO	[jepsen node n1] jepsen.atomic: 
2024-08-10 07:02:26,082{GMT}	INFO	[jepsen node n5] jepsen.atomic: 
2024-08-10 07:02:26,082{GMT}	INFO	[jepsen node n2] jepsen.atomic: 
2024-08-10 07:02:26,082{GMT}	INFO	[jepsen node n4] jepsen.atomic: 
2024-08-10 07:02:26,133{GMT}	INFO	[jepsen node n3] jepsen.atomic: 
2024-08-10 07:02:26,184{GMT}	INFO	[jepsen node n1] jepsen.atomic: 
2024-08-10 07:02:26,184{GMT}	INFO	[jepsen node n4] jepsen.atomic: 
2024-08-10 07:02:26,184{GMT}	INFO	[jepsen node n2] jepsen.atomic: 
2024-08-10 07:02:26,184{GMT}	INFO	[jepsen node n5] jepsen.atomic: 
2024-08-10 07:02:26,234{GMT}	INFO	[jepsen node n3] jepsen.atomic: 
2024-08-10 07:02:26,285{GMT}	INFO	[jepsen node n1] jepsen.atomic: 
2024-08-10 07:02:26,285{GMT}	INFO	[jepsen node n4] jepsen.atomic: 
2024-08-10 07:02:26,285{GMT}	INFO	[jepsen node n5] jepsen.atomic: 
2024-08-10 07:02:26,285{GMT}	INFO	[jepsen node n2] jepsen.atomic: 
2024-08-10 07:02:26,285{GMT}	INFO	[jepsen node n5] jepsen.atomic: Start n5
2024-08-10 07:02:26,285{GMT}	INFO	[jepsen node n1] jepsen.atomic: Start n1
2024-08-10 07:02:26,285{GMT}	INFO	[jepsen node n4] jepsen.atomic: Start n4
2024-08-10 07:02:26,285{GMT}	INFO	[jepsen node n2] jepsen.atomic: Start n2
2024-08-10 07:02:26,336{GMT}	INFO	[jepsen node n3] jepsen.atomic: 
2024-08-10 07:02:26,337{GMT}	INFO	[jepsen node n3] jepsen.atomic: Start n3
2024-08-10 07:02:36,443{GMT}	INFO	[jepsen nemesis] jepsen.core: Starting nemesis
2024-08-10 07:02:36,444{GMT}	INFO	[jepsen worker 1] jepsen.core: Starting worker 1
2024-08-10 07:02:36,444{GMT}	INFO	[jepsen worker 0] jepsen.core: Starting worker 0
2024-08-10 07:02:36,445{GMT}	INFO	[jepsen worker 3] jepsen.core: Starting worker 3
2024-08-10 07:02:36,445{GMT}	INFO	[jepsen worker 2] jepsen.core: Starting worker 2
2024-08-10 07:02:36,445{GMT}	INFO	[jepsen worker 4] jepsen.core: Starting worker 4
2024-08-10 07:02:36,452{GMT}	INFO	[jepsen worker 4] com.alipay.sofa.jraft.util.JRaftServiceLoader: SPI service [com.alipay.sofa.jraft.util.timer.RaftTimerFactory - com.alipay.sofa.jraft.util.timer.DefaultRaftTimerFactory] loading.
2024-08-10 07:02:36,513{GMT}	INFO	[jepsen worker 4] com.alipay.sofa.jraft.util.JRaftServiceLoader: SPI service [com.alipay.sofa.jraft.rpc.RaftRpcFactory - com.alipay.sofa.jraft.rpc.impl.BoltRaftRpcFactory] loading.
2024-08-10 07:02:36,651{GMT}	INFO	[jepsen nemesis] jepsen.core: Running nemesis
2024-08-10 07:02:36,655{GMT}	INFO	[jepsen worker 4] com.alipay.sofa.common.log: Sofa-Middleware-Log SLF4J : Actual binding is of type [ com.alipay.remoting Logback ]
2024-08-10 07:02:37,157{GMT}	INFO	[jepsen worker 1] com.alipay.sofa.jraft.test.atomic.client.AtomicClient: All groups  is {0=atomic_0}
2024-08-10 07:02:37,157{GMT}	INFO	[jepsen worker 2] com.alipay.sofa.jraft.test.atomic.client.AtomicClient: All groups  is {0=atomic_0}
2024-08-10 07:02:37,157{GMT}	INFO	[jepsen worker 0] com.alipay.sofa.jraft.test.atomic.client.AtomicClient: All groups  is {0=atomic_0}
2024-08-10 07:02:37,157{GMT}	INFO	[jepsen worker 4] com.alipay.sofa.jraft.test.atomic.client.AtomicClient: All groups  is {0=atomic_0}
2024-08-10 07:02:37,157{GMT}	INFO	[jepsen worker 3] com.alipay.sofa.jraft.test.atomic.client.AtomicClient: All groups  is {0=atomic_0}
2024-08-10 07:02:37,400{GMT}	INFO	[jepsen worker 2] jepsen.core: Running worker 2
2024-08-10 07:02:37,401{GMT}	INFO	[jepsen worker 3] jepsen.core: Running worker 3
2024-08-10 07:02:37,402{GMT}	INFO	[jepsen worker 1] jepsen.core: Running worker 1
2024-08-10 07:02:37,402{GMT}	INFO	[jepsen worker 0] jepsen.core: Running worker 0
2024-08-10 07:02:37,402{GMT}	INFO	[jepsen worker 4] jepsen.core: Running worker 4
2024-08-10 07:02:37,537{GMT}	INFO	[jepsen worker 4] jepsen.util: 4	:invoke	:cas	[1 3]
2024-08-10 07:02:37,537{GMT}	INFO	[jepsen worker 0] jepsen.util: 0	:invoke	:read	nil
2024-08-10 07:02:37,556{GMT}	INFO	[jepsen worker 4] jepsen.util: 4	:info	:cas	[1 3]	Remoting error:null
2024-08-10 07:02:37,556{GMT}	INFO	[jepsen worker 0] jepsen.util: 0	:fail	:read	nil	Remoting error:null
2024-08-10 07:02:37,575{GMT}	INFO	[jepsen worker 2] jepsen.util: 2	:invoke	:write	3
2024-08-10 07:02:37,588{GMT}	INFO	[jepsen worker 2] jepsen.util: 2	:info	:write	3	Remoting error:null
2024-08-10 07:02:37,608{GMT}	INFO	[jepsen worker 3] jepsen.util: 3	:invoke	:read	nil
2024-08-10 07:02:37,612{GMT}	INFO	[jepsen worker 1] jepsen.util: 1	:invoke	:read	nil
2024-08-10 07:02:37,623{GMT}	INFO	[jepsen worker 3] jepsen.util: 3	:fail	:read	nil	Remoting error:null
2024-08-10 07:02:37,625{GMT}	INFO	[jepsen worker 1] jepsen.util: 1	:fail	:read	nil	Remoting error:null
2024-08-10 07:02:37,692{GMT}	INFO	[jepsen worker 0] jepsen.util: 0	:invoke	:cas	[3 3]
2024-08-10 07:02:37,704{GMT}	INFO	[jepsen worker 0] jepsen.util: 0	:info	:cas	[3 3]	Remoting error:null
2024-08-10 07:02:37,721{GMT}	INFO	[jepsen worker 4] jepsen.util: 9	:invoke	:cas	[3 3]
2024-08-10 07:02:37,733{GMT}	INFO	[jepsen worker 4] jepsen.util: 9	:info	:cas	[3 3]	Remoting error:null
2024-08-10 07:02:37,761{GMT}	INFO	[jepsen worker 1] jepsen.util: 1	:invoke	:write	4
2024-08-10 07:02:37,772{GMT}	INFO	[jepsen worker 1] jepsen.util: 1	:info	:write	4	Remoting error:null
2024-08-10 07:02:37,850{GMT}	INFO	[jepsen worker 2] jepsen.util: 7	:invoke	:cas	[1 4]
2024-08-10 07:02:37,861{GMT}	INFO	[jepsen worker 2] jepsen.util: 7	:info	:cas	[1 4]	Remoting error:null
2024-08-10 07:02:37,875{GMT}	INFO	[jepsen worker 3] jepsen.util: 3	:invoke	:read	nil
2024-08-10 07:02:37,883{GMT}	INFO	[jepsen worker 4] jepsen.util: 14	:invoke	:write	1
2024-08-10 07:02:37,884{GMT}	INFO	[jepsen worker 0] jepsen.util: 5	:invoke	:write	2
2024-08-10 07:02:37,885{GMT}	INFO	[jepsen worker 3] jepsen.util: 3	:fail	:read	nil	Remoting error:null
2024-08-10 07:02:37,898{GMT}	INFO	[jepsen worker 0] jepsen.util: 5	:info	:write	2	Remoting error:null
2024-08-10 07:02:37,898{GMT}	INFO	[jepsen worker 4] jepsen.util: 14	:info	:write	1	Remoting error:null
2024-08-10 07:02:37,956{GMT}	INFO	[jepsen worker 1] jepsen.util: 6	:invoke	:write	1
2024-08-10 07:02:37,966{GMT}	INFO	[jepsen worker 1] jepsen.util: 6	:info	:write	1	Remoting error:null
2024-08-10 07:02:37,986{GMT}	INFO	[jepsen worker 2] jepsen.util: 12	:invoke	:read	nil
2024-08-10 07:02:37,995{GMT}	INFO	[jepsen worker 2] jepsen.util: 12	:fail	:read	nil	Remoting error:null
2024-08-10 07:02:38,017{GMT}	INFO	[jepsen worker 3] jepsen.util: 3	:invoke	:read	nil
2024-08-10 07:02:38,026{GMT}	INFO	[jepsen worker 0] jepsen.util: 10	:invoke	:cas	[2 0]
2024-08-10 07:02:38,026{GMT}	INFO	[jepsen worker 3] jepsen.util: 3	:fail	:read	nil	Remoting error:null
2024-08-10 07:02:38,034{GMT}	INFO	[jepsen worker 0] jepsen.util: 10	:info	:cas	[2 0]	Remoting error:null
2024-08-10 07:02:38,196{GMT}	INFO	[jepsen worker 4] jepsen.util: 19	:invoke	:write	1
2024-08-10 07:02:38,200{GMT}	INFO	[jepsen worker 1] jepsen.util: 11	:invoke	:read	nil
2024-08-10 07:02:38,206{GMT}	INFO	[jepsen worker 4] jepsen.util: 19	:info	:write	1	Remoting error:null
2024-08-10 07:02:38,208{GMT}	INFO	[jepsen worker 1] jepsen.util: 11	:fail	:read	nil	Remoting error:null
2024-08-10 07:02:38,281{GMT}	INFO	[jepsen worker 3] jepsen.util: 3	:invoke	:write	2
2024-08-10 07:02:38,287{GMT}	INFO	[jepsen worker 2] jepsen.util: 12	:invoke	:write	1
2024-08-10 07:02:38,300{GMT}	INFO	[jepsen worker 3] jepsen.util: 3	:info	:write	2	Remoting error:null
2024-08-10 07:02:38,300{GMT}	INFO	[jepsen worker 2] jepsen.util: 12	:info	:write	1	Remoting error:null
2024-08-10 07:02:38,307{GMT}	INFO	[jepsen worker 0] jepsen.util: 15	:invoke	:read	nil
2024-08-10 07:02:38,315{GMT}	INFO	[jepsen worker 0] jepsen.util: 15	:fail	:read	nil	Remoting error:null
2024-08-10 07:02:38,360{GMT}	INFO	[jepsen worker 1] jepsen.util: 11	:invoke	:read	nil
2024-08-10 07:02:38,369{GMT}	INFO	[jepsen worker 1] jepsen.util: 11	:fail	:read	nil	Remoting error:null
2024-08-10 07:02:38,374{GMT}	INFO	[jepsen worker 4] jepsen.util: 24	:invoke	:write	3
2024-08-10 07:02:38,382{GMT}	INFO	[jepsen worker 4] jepsen.util: 24	:info	:write	3	Remoting error:null
2024-08-10 07:02:38,547{GMT}	INFO	[jepsen worker 0] jepsen.util: 15	:invoke	:cas	[1 1]
2024-08-10 07:02:38,551{GMT}	INFO	[jepsen worker 4] jepsen.util: 29	:invoke	:read	nil
2024-08-10 07:02:38,556{GMT}	INFO	[jepsen worker 0] jepsen.util: 15	:info	:cas	[1 1]	Remoting error:null
2024-08-10 07:02:38,559{GMT}	INFO	[jepsen worker 4] jepsen.util: 29	:fail	:read	nil	Remoting error:null
2024-08-10 07:02:38,566{GMT}	INFO	[jepsen worker 2] jepsen.util: 17	:invoke	:cas	[2 0]
2024-08-10 07:02:38,574{GMT}	INFO	[jepsen worker 2] jepsen.util: 17	:info	:cas	[2 0]	Remoting error:null
2024-08-10 07:02:38,596{GMT}	INFO	[jepsen worker 3] jepsen.util: 8	:invoke	:write	3
2024-08-10 07:02:38,603{GMT}	INFO	[jepsen worker 1] jepsen.util: 11	:invoke	:cas	[3 2]
2024-08-10 07:02:38,606{GMT}	INFO	[jepsen worker 3] jepsen.util: 8	:info	:write	3	Remoting error:null
2024-08-10 07:02:38,611{GMT}	INFO	[jepsen worker 1] jepsen.util: 11	:info	:cas	[3 2]	Remoting error:null
2024-08-10 07:02:38,695{GMT}	INFO	[jepsen worker 2] jepsen.util: 22	:invoke	:read	nil
2024-08-10 07:02:38,704{GMT}	INFO	[jepsen worker 2] jepsen.util: 22	:fail	:read	nil	Remoting error:null
2024-08-10 07:02:38,773{GMT}	INFO	[jepsen worker 3] jepsen.util: 13	:invoke	:read	nil
2024-08-10 07:02:38,773{GMT}	INFO	[jepsen worker 4] jepsen.util: 29	:invoke	:read	nil
2024-08-10 07:02:38,781{GMT}	INFO	[jepsen worker 4] jepsen.util: 29	:fail	:read	nil	Remoting error:null
2024-08-10 07:02:38,782{GMT}	INFO	[jepsen worker 3] jepsen.util: 13	:fail	:read	nil	Remoting error:null
2024-08-10 07:02:38,850{GMT}	INFO	[jepsen worker 0] jepsen.util: 20	:invoke	:read	nil
2024-08-10 07:02:38,858{GMT}	INFO	[jepsen worker 0] jepsen.util: 20	:fail	:read	nil	Remoting error:null
2024-08-10 07:02:38,885{GMT}	INFO	[jepsen worker 1] jepsen.util: 16	:invoke	:write	4
2024-08-10 07:02:38,891{GMT}	INFO	[jepsen worker 1] jepsen.util: 16	:info	:write	4	Remoting error:null
2024-08-10 07:02:38,968{GMT}	INFO	[jepsen worker 4] jepsen.util: 29	:invoke	:write	4
2024-08-10 07:02:38,976{GMT}	INFO	[jepsen worker 4] jepsen.util: 29	:info	:write	4	Remoting error:null
2024-08-10 07:02:38,987{GMT}	INFO	[jepsen worker 2] jepsen.util: 22	:invoke	:write	3
2024-08-10 07:02:38,994{GMT}	INFO	[jepsen worker 2] jepsen.util: 22	:info	:write	3	Remoting error:null
2024-08-10 07:02:39,004{GMT}	INFO	[jepsen worker 3] jepsen.util: 13	:invoke	:write	3
2024-08-10 07:02:39,011{GMT}	INFO	[jepsen worker 3] jepsen.util: 13	:info	:write	3	Remoting error:null
2024-08-10 07:02:39,084{GMT}	INFO	[jepsen worker 1] jepsen.util: 21	:invoke	:write	4
2024-08-10 07:02:39,094{GMT}	INFO	[jepsen worker 1] jepsen.util: 21	:info	:write	4	Remoting error:null
2024-08-10 07:02:39,157{GMT}	INFO	[jepsen worker 0] jepsen.util: 20	:invoke	:read	nil
2024-08-10 07:02:39,166{GMT}	INFO	[jepsen worker 0] jepsen.util: 20	:fail	:read	nil	Remoting error:null
2024-08-10 07:02:39,168{GMT}	INFO	[jepsen worker 4] jepsen.util: 34	:invoke	:write	1
2024-08-10 07:02:39,176{GMT}	INFO	[jepsen worker 4] jepsen.util: 34	:info	:write	1	Remoting error:null
2024-08-10 07:02:39,187{GMT}	INFO	[jepsen worker 3] jepsen.util: 18	:invoke	:write	1
2024-08-10 07:02:39,193{GMT}	INFO	[jepsen worker 3] jepsen.util: 18	:info	:write	1	Remoting error:null
2024-08-10 07:02:39,202{GMT}	INFO	[jepsen worker 2] jepsen.util: 27	:invoke	:read	nil
2024-08-10 07:02:39,221{GMT}	INFO	[jepsen worker 2] jepsen.util: 27	:fail	:read	nil	Remoting error:null
2024-08-10 07:02:39,296{GMT}	INFO	[jepsen worker 0] jepsen.util: 20	:invoke	:write	3
2024-08-10 07:02:39,306{GMT}	INFO	[jepsen worker 0] jepsen.util: 20	:info	:write	3	Remoting error:null
2024-08-10 07:02:39,384{GMT}	INFO	[jepsen worker 3] jepsen.util: 23	:invoke	:read	nil
2024-08-10 07:02:39,391{GMT}	INFO	[jepsen worker 3] jepsen.util: 23	:fail	:read	nil	Remoting error:null
2024-08-10 07:02:39,391{GMT}	INFO	[jepsen worker 1] jepsen.util: 26	:invoke	:write	3
2024-08-10 07:02:39,397{GMT}	INFO	[jepsen worker 1] jepsen.util: 26	:info	:write	3	Remoting error:null
2024-08-10 07:02:39,413{GMT}	INFO	[jepsen worker 2] jepsen.util: 27	:invoke	:cas	[0 3]
2024-08-10 07:02:39,418{GMT}	INFO	[jepsen worker 2] jepsen.util: 27	:info	:cas	[0 3]	Remoting error:null
2024-08-10 07:02:39,457{GMT}	INFO	[jepsen worker 4] jepsen.util: 39	:invoke	:cas	[3 0]
2024-08-10 07:02:39,462{GMT}	INFO	[jepsen worker 4] jepsen.util: 39	:info	:cas	[3 0]	Remoting error:null
2024-08-10 07:02:39,539{GMT}	INFO	[jepsen worker 0] jepsen.util: 25	:invoke	:write	2
2024-08-10 07:02:39,546{GMT}	INFO	[jepsen worker 0] jepsen.util: 25	:info	:write	2	Remoting error:null
2024-08-10 07:02:39,569{GMT}	INFO	[jepsen worker 2] jepsen.util: 32	:invoke	:write	4
2024-08-10 07:02:39,576{GMT}	INFO	[jepsen worker 2] jepsen.util: 32	:info	:write	4	Remoting error:null
2024-08-10 07:02:39,600{GMT}	INFO	[jepsen worker 1] jepsen.util: 31	:invoke	:read	nil
2024-08-10 07:02:39,609{GMT}	INFO	[jepsen worker 1] jepsen.util: 31	:fail	:read	nil	Remoting error:null
2024-08-10 07:02:39,621{GMT}	INFO	[jepsen worker 4] jepsen.util: 44	:invoke	:cas	[2 0]
2024-08-10 07:02:39,629{GMT}	INFO	[jepsen worker 4] jepsen.util: 44	:info	:cas	[2 0]	Remoting error:null
2024-08-10 07:02:39,672{GMT}	INFO	[jepsen worker 3] jepsen.util: 23	:invoke	:read	nil
2024-08-10 07:02:39,681{GMT}	INFO	[jepsen worker 3] jepsen.util: 23	:fail	:read	nil	Remoting error:null
2024-08-10 07:02:39,740{GMT}	INFO	[jepsen worker 2] jepsen.util: 37	:invoke	:write	2
2024-08-10 07:02:39,747{GMT}	INFO	[jepsen worker 2] jepsen.util: 37	:info	:write	2	Remoting error:null
2024-08-10 07:02:39,785{GMT}	INFO	[jepsen worker 0] jepsen.util: 30	:invoke	:cas	[3 1]
2024-08-10 07:02:39,793{GMT}	INFO	[jepsen worker 0] jepsen.util: 30	:info	:cas	[3 1]	Remoting error:null
